{"meta": {"format": 3, "version": "7.13.4", "timestamp": "2026-02-23T11:39:28.034497", "branch_coverage": true, "show_contexts": false}, "files": {"src/itergen/__init__.py": {"executed_lines": [3, 5, 6, 12, 18, 19, 24], "summary": {"covered_lines": 7, "num_statements": 9, "percent_covered": 77.77777777777777, "percent_covered_display": "78", "missing_lines": 2, "excluded_lines": 0, "percent_statements_covered": 77.77777777777777, "percent_statements_covered_display": "78", "num_branches": 0, "num_partial_branches": 0, "covered_branches": 0, "missing_branches": 0, "percent_branches_covered": 100.0, "percent_branches_covered_display": "100"}, "missing_lines": [20, 21], "excluded_lines": [], "executed_branches": [], "missing_branches": [], "functions": {"": {"executed_lines": [3, 5, 6, 12, 18, 19, 24], "summary": {"covered_lines": 7, "num_statements": 9, "percent_covered": 77.77777777777777, "percent_covered_display": "78", "missing_lines": 2, "excluded_lines": 0, "percent_statements_covered": 77.77777777777777, "percent_statements_covered_display": "78", "num_branches": 0, "num_partial_branches": 0, "covered_branches": 0, "missing_branches": 0, "percent_branches_covered": 100.0, "percent_branches_covered_display": "100"}, "missing_lines": [20, 21], "excluded_lines": [], "start_line": 1, "executed_branches": [], "missing_branches": []}}, "classes": {"": {"executed_lines": [3, 5, 6, 12, 18, 19, 24], "summary": {"covered_lines": 7, "num_statements": 9, "percent_covered": 77.77777777777777, "percent_covered_display": "78", "missing_lines": 2, "excluded_lines": 0, "percent_statements_covered": 77.77777777777777, "percent_statements_covered_display": "78", "num_branches": 0, "num_partial_branches": 0, "covered_branches": 0, "missing_branches": 0, "percent_branches_covered": 100.0, "percent_branches_covered_display": "100"}, "missing_lines": [20, 21], "excluded_lines": [], "start_line": 1, "executed_branches": [], "missing_branches": []}}}, "src/itergen/__main__.py": {"executed_lines": [], "summary": {"covered_lines": 0, "num_statements": 7, "percent_covered": 0.0, "percent_covered_display": "0", "missing_lines": 7, "excluded_lines": 0, "percent_statements_covered": 0.0, "percent_statements_covered_display": "0", "num_branches": 2, "num_partial_branches": 0, "covered_branches": 0, "missing_branches": 2, "percent_branches_covered": 0.0, "percent_branches_covered_display": "0"}, "missing_lines": [3, 5, 8, 9, 14, 17, 18], "excluded_lines": [], "executed_branches": [], "missing_branches": [[17, -1], [17, 18]], "functions": {"main": {"executed_lines": [], "summary": {"covered_lines": 0, "num_statements": 2, "percent_covered": 0.0, "percent_covered_display": "0", "missing_lines": 2, "excluded_lines": 0, "percent_statements_covered": 0.0, "percent_statements_covered_display": "0", "num_branches": 0, "num_partial_branches": 0, "covered_branches": 0, "missing_branches": 0, "percent_branches_covered": 100.0, "percent_branches_covered_display": "100"}, "missing_lines": [9, 14], "excluded_lines": [], "start_line": 8, "executed_branches": [], "missing_branches": []}, "": {"executed_lines": [], "summary": {"covered_lines": 0, "num_statements": 5, "percent_covered": 0.0, "percent_covered_display": "0", "missing_lines": 5, "excluded_lines": 0, "percent_statements_covered": 0.0, "percent_statements_covered_display": "0", "num_branches": 2, "num_partial_branches": 0, "covered_branches": 0, "missing_branches": 2, "percent_branches_covered": 0.0, "percent_branches_covered_display": "0"}, "missing_lines": [3, 5, 8, 17, 18], "excluded_lines": [], "start_line": 1, "executed_branches": [], "missing_branches": [[17, -1], [17, 18]]}}, "classes": {"": {"executed_lines": [], "summary": {"covered_lines": 0, "num_statements": 7, "percent_covered": 0.0, "percent_covered_display": "0", "missing_lines": 7, "excluded_lines": 0, "percent_statements_covered": 0.0, "percent_statements_covered_display": "0", "num_branches": 2, "num_partial_branches": 0, "covered_branches": 0, "missing_branches": 2, "percent_branches_covered": 0.0, "percent_branches_covered_display": "0"}, "missing_lines": [3, 5, 8, 9, 14, 17, 18], "excluded_lines": [], "start_line": 1, "executed_branches": [], "missing_branches": [[17, -1], [17, 18]]}}}, "src/itergen/api/__init__.py": {"executed_lines": [], "summary": {"covered_lines": 0, "num_statements": 0, "percent_covered": 100.0, "percent_covered_display": "100", "missing_lines": 0, "excluded_lines": 0, "percent_statements_covered": 100.0, "percent_statements_covered_display": "100", "num_branches": 0, "num_partial_branches": 0, "covered_branches": 0, "missing_branches": 0, "percent_branches_covered": 100.0, "percent_branches_covered_display": "100"}, "missing_lines": [], "excluded_lines": [], "executed_branches": [], "missing_branches": [], "functions": {"": {"executed_lines": [], "summary": {"covered_lines": 0, "num_statements": 0, "percent_covered": 100.0, "percent_covered_display": "100", "missing_lines": 0, "excluded_lines": 0, "percent_statements_covered": 100.0, "percent_statements_covered_display": "100", "num_branches": 0, "num_partial_branches": 0, "covered_branches": 0, "missing_branches": 0, "percent_branches_covered": 100.0, "percent_branches_covered_display": "100"}, "missing_lines": [], "excluded_lines": [], "start_line": 1, "executed_branches": [], "missing_branches": []}}, "classes": {"": {"executed_lines": [], "summary": {"covered_lines": 0, "num_statements": 0, "percent_covered": 100.0, "percent_covered_display": "100", "missing_lines": 0, "excluded_lines": 0, "percent_statements_covered": 100.0, "percent_statements_covered_display": "100", "num_branches": 0, "num_partial_branches": 0, "covered_branches": 0, "missing_branches": 0, "percent_branches_covered": 100.0, "percent_branches_covered_display": "100"}, "missing_lines": [], "excluded_lines": [], "start_line": 1, "executed_branches": [], "missing_branches": []}}}, "src/itergen/api/models.py": {"executed_lines": [3, 5, 6, 7, 9, 12, 13, 16, 17, 18, 19, 20, 21, 22, 23, 24, 27, 28, 31, 32, 33, 34, 35, 36, 37, 38, 39, 40, 41, 42, 43, 44, 45, 46, 47, 48, 51, 52, 55, 56, 57, 58, 59, 60, 61, 62, 63, 64, 66], "summary": {"covered_lines": 49, "num_statements": 50, "percent_covered": 98.0, "percent_covered_display": "98", "missing_lines": 1, "excluded_lines": 0, "percent_statements_covered": 98.0, "percent_statements_covered_display": "98", "num_branches": 0, "num_partial_branches": 0, "covered_branches": 0, "missing_branches": 0, "percent_branches_covered": 100.0, "percent_branches_covered_display": "100"}, "missing_lines": [69], "excluded_lines": [], "executed_branches": [], "missing_branches": [], "functions": {"GenerateResult.objective": {"executed_lines": [], "summary": {"covered_lines": 0, "num_statements": 1, "percent_covered": 0.0, "percent_covered_display": "0", "missing_lines": 1, "excluded_lines": 0, "percent_statements_covered": 0.0, "percent_statements_covered_display": "0", "num_branches": 0, "num_partial_branches": 0, "covered_branches": 0, "missing_branches": 0, "percent_branches_covered": 100.0, "percent_branches_covered_display": "100"}, "missing_lines": [69], "excluded_lines": [], "start_line": 66, "executed_branches": [], "missing_branches": []}, "": {"executed_lines": [3, 5, 6, 7, 9, 12, 13, 16, 17, 18, 19, 20, 21, 22, 23, 24, 27, 28, 31, 32, 33, 34, 35, 36, 37, 38, 39, 40, 41, 42, 43, 44, 45, 46, 47, 48, 51, 52, 55, 56, 57, 58, 59, 60, 61, 62, 63, 64, 66], "summary": {"covered_lines": 49, "num_statements": 49, "percent_covered": 100.0, "percent_covered_display": "100", "missing_lines": 0, "excluded_lines": 0, "percent_statements_covered": 100.0, "percent_statements_covered_display": "100", "num_branches": 0, "num_partial_branches": 0, "covered_branches": 0, "missing_branches": 0, "percent_branches_covered": 100.0, "percent_branches_covered_display": "100"}, "missing_lines": [], "excluded_lines": [], "start_line": 1, "executed_branches": [], "missing_branches": []}}, "classes": {"TorchControllerConfig": {"executed_lines": [], "summary": {"covered_lines": 0, "num_statements": 0, "percent_covered": 100.0, "percent_covered_display": "100", "missing_lines": 0, "excluded_lines": 0, "percent_statements_covered": 100.0, "percent_statements_covered_display": "100", "num_branches": 0, "num_partial_branches": 0, "covered_branches": 0, "missing_branches": 0, "percent_branches_covered": 100.0, "percent_branches_covered_display": "100"}, "missing_lines": [], "excluded_lines": [], "start_line": 13, "executed_branches": [], "missing_branches": []}, "RunConfig": {"executed_lines": [], "summary": {"covered_lines": 0, "num_statements": 0, "percent_covered": 100.0, "percent_covered_display": "100", "missing_lines": 0, "excluded_lines": 0, "percent_statements_covered": 100.0, "percent_statements_covered_display": "100", "num_branches": 0, "num_partial_branches": 0, "covered_branches": 0, "missing_branches": 0, "percent_branches_covered": 100.0, "percent_branches_covered_display": "100"}, "missing_lines": [], "excluded_lines": [], "start_line": 28, "executed_branches": [], "missing_branches": []}, "GenerateResult": {"executed_lines": [], "summary": {"covered_lines": 0, "num_statements": 1, "percent_covered": 0.0, "percent_covered_display": "0", "missing_lines": 1, "excluded_lines": 0, "percent_statements_covered": 0.0, "percent_statements_covered_display": "0", "num_branches": 0, "num_partial_branches": 0, "covered_branches": 0, "missing_branches": 0, "percent_branches_covered": 100.0, "percent_branches_covered_display": "100"}, "missing_lines": [69], "excluded_lines": [], "start_line": 52, "executed_branches": [], "missing_branches": []}, "": {"executed_lines": [3, 5, 6, 7, 9, 12, 13, 16, 17, 18, 19, 20, 21, 22, 23, 24, 27, 28, 31, 32, 33, 34, 35, 36, 37, 38, 39, 40, 41, 42, 43, 44, 45, 46, 47, 48, 51, 52, 55, 56, 57, 58, 59, 60, 61, 62, 63, 64, 66], "summary": {"covered_lines": 49, "num_statements": 49, "percent_covered": 100.0, "percent_covered_display": "100", "missing_lines": 0, "excluded_lines": 0, "percent_statements_covered": 100.0, "percent_statements_covered_display": "100", "num_branches": 0, "num_partial_branches": 0, "covered_branches": 0, "missing_branches": 0, "percent_branches_covered": 100.0, "percent_branches_covered_display": "100"}, "missing_lines": [], "excluded_lines": [], "start_line": 1, "executed_branches": [], "missing_branches": []}}}, "src/itergen/api/synthesizer.py": {"executed_lines": [3, 5, 6, 7, 8, 9, 10, 11, 13, 14, 15, 16, 17, 18, 19, 21, 22, 23, 26, 29, 32, 33, 34, 37, 38, 39, 42, 43, 44, 47, 48, 49, 52, 53, 54, 55, 56, 68, 69, 70, 71, 75, 76, 77, 85, 86, 87, 90, 91, 92, 93, 96, 97, 103, 104, 105, 108, 109, 110, 111, 112, 115, 118, 119, 126, 129, 130, 140, 141, 149, 158, 161, 162, 163, 164, 165, 171, 174, 177, 178, 179, 181, 182, 183, 184, 187, 192, 193, 195, 196, 197, 198, 200, 201, 206, 211, 212, 214, 216, 225, 232, 239, 246, 251, 255, 260, 266, 267, 268, 273, 275, 276, 277, 282, 283, 288, 290, 291, 292, 293, 300, 302, 304, 311, 321, 330, 333, 347, 350, 351, 353, 354, 355, 356, 365, 375, 380, 389, 403, 409], "summary": {"covered_lines": 140, "num_statements": 199, "percent_covered": 63.25088339222615, "percent_covered_display": "63", "missing_lines": 59, "excluded_lines": 0, "percent_statements_covered": 70.35175879396985, "percent_statements_covered_display": "70", "num_branches": 84, "num_partial_branches": 19, "covered_branches": 39, "missing_branches": 45, "percent_branches_covered": 46.42857142857143, "percent_branches_covered_display": "46"}, "missing_lines": [35, 36, 45, 46, 57, 58, 60, 61, 62, 63, 64, 65, 72, 78, 79, 80, 81, 82, 94, 120, 121, 122, 123, 150, 166, 167, 168, 169, 170, 185, 199, 213, 278, 279, 280, 294, 295, 296, 297, 298, 301, 322, 328, 329, 331, 348, 357, 358, 359, 363, 376, 381, 382, 383, 406, 414, 415, 416, 417], "excluded_lines": [], "executed_branches": [[37, 38], [37, 39], [47, 48], [53, 54], [53, 55], [55, 56], [70, 71], [76, 77], [93, 96], [103, 104], [103, 105], [109, 110], [109, 111], [118, 119], [140, 141], [140, 149], [149, 158], [163, 164], [163, 171], [164, 165], [184, 187], [197, 198], [197, 211], [198, 200], [200, 201], [200, 206], [212, 214], [267, 268], [267, 275], [277, 282], [293, 300], [300, 302], [321, 330], [330, 333], [347, 350], [353, 354], [353, 365], [375, 380], [380, 389]], "missing_branches": [[47, 49], [55, 57], [57, 58], [57, 60], [61, 62], [61, 63], [63, 64], [63, 65], [70, 72], [76, 78], [78, 79], [78, 80], [80, 81], [80, 82], [93, 94], [118, 120], [149, 150], [164, 166], [167, 168], [167, 169], [184, 185], [198, 199], [212, 213], [277, 278], [279, 280], [279, 282], [293, 294], [294, 295], [294, 297], [295, 294], [295, 296], [297, 298], [297, 300], [300, 301], [321, 322], [322, 328], [322, 330], [328, 322], [328, 329], [330, 331], [347, 348], [358, 359], [358, 363], [375, 376], [380, 381]], "functions": {"is_torch_available": {"executed_lines": [29], "summary": {"covered_lines": 1, "num_statements": 1, "percent_covered": 100.0, "percent_covered_display": "100", "missing_lines": 0, "excluded_lines": 0, "percent_statements_covered": 100.0, "percent_statements_covered_display": "100", "num_branches": 0, "num_partial_branches": 0, "covered_branches": 0, "missing_branches": 0, "percent_branches_covered": 100.0, "percent_branches_covered_display": "100"}, "missing_lines": [], "excluded_lines": [], "start_line": 26, "executed_branches": [], "missing_branches": []}, "_coerce_int": {"executed_lines": [33, 34, 37, 38, 39], "summary": {"covered_lines": 5, "num_statements": 7, "percent_covered": 77.77777777777777, "percent_covered_display": "78", "missing_lines": 2, "excluded_lines": 0, "percent_statements_covered": 71.42857142857143, "percent_statements_covered_display": "71", "num_branches": 2, "num_partial_branches": 0, "covered_branches": 2, "missing_branches": 0, "percent_branches_covered": 100.0, "percent_branches_covered_display": "100"}, "missing_lines": [35, 36], "excluded_lines": [], "start_line": 32, "executed_branches": [[37, 38], [37, 39]], "missing_branches": []}, "_coerce_float": {"executed_lines": [43, 44, 47, 48, 49], "summary": {"covered_lines": 5, "num_statements": 7, "percent_covered": 66.66666666666667, "percent_covered_display": "67", "missing_lines": 2, "excluded_lines": 0, "percent_statements_covered": 71.42857142857143, "percent_statements_covered_display": "71", "num_branches": 2, "num_partial_branches": 1, "covered_branches": 1, "missing_branches": 1, "percent_branches_covered": 50.0, "percent_branches_covered_display": "50"}, "missing_lines": [45, 46], "excluded_lines": [], "start_line": 42, "executed_branches": [[47, 48]], "missing_branches": [[47, 49]]}, "_coerce_bool": {"executed_lines": [53, 54, 55, 56], "summary": {"covered_lines": 4, "num_statements": 12, "percent_covered": 31.818181818181817, "percent_covered_display": "32", "missing_lines": 8, "excluded_lines": 0, "percent_statements_covered": 33.333333333333336, "percent_statements_covered_display": "33", "num_branches": 10, "num_partial_branches": 1, "covered_branches": 3, "missing_branches": 7, "percent_branches_covered": 30.0, "percent_branches_covered_display": "30"}, "missing_lines": [57, 58, 60, 61, 62, 63, 64, 65], "excluded_lines": [], "start_line": 52, "executed_branches": [[53, 54], [53, 55], [55, 56]], "missing_branches": [[55, 57], [57, 58], [57, 60], [61, 62], [61, 63], [63, 64], [63, 65]]}, "_normalize_choice": {"executed_lines": [69, 70, 71], "summary": {"covered_lines": 3, "num_statements": 4, "percent_covered": 66.66666666666667, "percent_covered_display": "67", "missing_lines": 1, "excluded_lines": 0, "percent_statements_covered": 75.0, "percent_statements_covered_display": "75", "num_branches": 2, "num_partial_branches": 1, "covered_branches": 1, "missing_branches": 1, "percent_branches_covered": 50.0, "percent_branches_covered_display": "50"}, "missing_lines": [72], "excluded_lines": [], "start_line": 68, "executed_branches": [[70, 71]], "missing_branches": [[70, 72]]}, "_controller_config_payload": {"executed_lines": [76, 77], "summary": {"covered_lines": 2, "num_statements": 7, "percent_covered": 23.076923076923077, "percent_covered_display": "23", "missing_lines": 5, "excluded_lines": 0, "percent_statements_covered": 28.571428571428573, "percent_statements_covered_display": "29", "num_branches": 6, "num_partial_branches": 1, "covered_branches": 1, "missing_branches": 5, "percent_branches_covered": 16.666666666666668, "percent_branches_covered_display": "17"}, "missing_lines": [78, 79, 80, 81, 82], "excluded_lines": [], "start_line": 75, "executed_branches": [[76, 77]], "missing_branches": [[76, 78], [78, 79], [78, 80], [80, 81], [80, 82]]}, "_timestamped_output_name": {"executed_lines": [86, 87], "summary": {"covered_lines": 2, "num_statements": 2, "percent_covered": 100.0, "percent_covered_display": "100", "missing_lines": 0, "excluded_lines": 0, "percent_statements_covered": 100.0, "percent_statements_covered_display": "100", "num_branches": 0, "num_partial_branches": 0, "covered_branches": 0, "missing_branches": 0, "percent_branches_covered": 100.0, "percent_branches_covered_display": "100"}, "missing_lines": [], "excluded_lines": [], "start_line": 85, "executed_branches": [], "missing_branches": []}, "_resolve_output_path": {"executed_lines": [91, 92, 93, 96, 97, 103, 104, 105], "summary": {"covered_lines": 8, "num_statements": 9, "percent_covered": 84.61538461538461, "percent_covered_display": "85", "missing_lines": 1, "excluded_lines": 0, "percent_statements_covered": 88.88888888888889, "percent_statements_covered_display": "89", "num_branches": 4, "num_partial_branches": 1, "covered_branches": 3, "missing_branches": 1, "percent_branches_covered": 75.0, "percent_branches_covered_display": "75"}, "missing_lines": [94], "excluded_lines": [], "start_line": 90, "executed_branches": [[93, 96], [103, 104], [103, 105]], "missing_branches": [[93, 94]]}, "_resolve_log_dir": {"executed_lines": [109, 110, 111, 112], "summary": {"covered_lines": 4, "num_statements": 4, "percent_covered": 100.0, "percent_covered_display": "100", "missing_lines": 0, "excluded_lines": 0, "percent_statements_covered": 100.0, "percent_statements_covered_display": "100", "num_branches": 2, "num_partial_branches": 0, "covered_branches": 2, "missing_branches": 0, "percent_branches_covered": 100.0, "percent_branches_covered_display": "100"}, "missing_lines": [], "excluded_lines": [], "start_line": 108, "executed_branches": [[109, 110], [109, 111]], "missing_branches": []}, "_apply_numeric_rule_override": {"executed_lines": [118, 119], "summary": {"covered_lines": 2, "num_statements": 6, "percent_covered": 37.5, "percent_covered_display": "38", "missing_lines": 4, "excluded_lines": 0, "percent_statements_covered": 33.333333333333336, "percent_statements_covered_display": "33", "num_branches": 2, "num_partial_branches": 1, "covered_branches": 1, "missing_branches": 1, "percent_branches_covered": 50.0, "percent_branches_covered_display": "50"}, "missing_lines": [120, 121, 122, 123], "excluded_lines": [], "start_line": 115, "executed_branches": [[118, 119]], "missing_branches": [[118, 120]]}, "_build_equilibrium_rules": {"executed_lines": [129, 130, 140, 141, 149, 158], "summary": {"covered_lines": 6, "num_statements": 7, "percent_covered": 81.81818181818181, "percent_covered_display": "82", "missing_lines": 1, "excluded_lines": 0, "percent_statements_covered": 85.71428571428571, "percent_statements_covered_display": "86", "num_branches": 4, "num_partial_branches": 1, "covered_branches": 3, "missing_branches": 1, "percent_branches_covered": 75.0, "percent_branches_covered_display": "75"}, "missing_lines": [150], "excluded_lines": [], "start_line": 126, "executed_branches": [[140, 141], [140, 149], [149, 158]], "missing_branches": [[149, 150]]}, "_decode_output_dataframe": {"executed_lines": [162, 163, 164, 165, 171], "summary": {"covered_lines": 5, "num_statements": 10, "percent_covered": 50.0, "percent_covered_display": "50", "missing_lines": 5, "excluded_lines": 0, "percent_statements_covered": 50.0, "percent_statements_covered_display": "50", "num_branches": 6, "num_partial_branches": 1, "covered_branches": 3, "missing_branches": 3, "percent_branches_covered": 50.0, "percent_branches_covered_display": "50"}, "missing_lines": [166, 167, 168, 169, 170], "excluded_lines": [], "start_line": 161, "executed_branches": [[163, 164], [163, 171], [164, 165]], "missing_branches": [[164, 166], [167, 168], [167, 169]]}, "ItergenSynthesizer.__init__": {"executed_lines": [178, 179], "summary": {"covered_lines": 2, "num_statements": 2, "percent_covered": 100.0, "percent_covered_display": "100", "missing_lines": 0, "excluded_lines": 0, "percent_statements_covered": 100.0, "percent_statements_covered_display": "100", "num_branches": 0, "num_partial_branches": 0, "covered_branches": 0, "missing_branches": 0, "percent_branches_covered": 100.0, "percent_branches_covered_display": "100"}, "missing_lines": [], "excluded_lines": [], "start_line": 177, "executed_branches": [], "missing_branches": []}, "ItergenSynthesizer.generate": {"executed_lines": [182, 183, 184, 187, 192, 193, 195, 196, 197, 198, 200, 201, 206, 211, 212, 214, 216, 225, 232, 239, 246, 251, 255, 260, 266, 267, 268, 273, 275, 276, 277, 282, 283, 288, 290, 291, 292, 293, 300, 302, 304, 311, 321, 330, 333, 347, 350, 351, 353, 354, 355, 356, 365, 375, 380, 389], "summary": {"covered_lines": 56, "num_statements": 81, "percent_covered": 60.0, "percent_covered_display": "60", "missing_lines": 25, "excluded_lines": 0, "percent_statements_covered": 69.1358024691358, "percent_statements_covered_display": "69", "num_branches": 44, "num_partial_branches": 11, "covered_branches": 19, "missing_branches": 25, "percent_branches_covered": 43.18181818181818, "percent_branches_covered_display": "43"}, "missing_lines": [185, 199, 213, 278, 279, 280, 294, 295, 296, 297, 298, 301, 322, 328, 329, 331, 348, 357, 358, 359, 363, 376, 381, 382, 383], "excluded_lines": [], "start_line": 181, "executed_branches": [[184, 187], [197, 198], [197, 211], [198, 200], [200, 201], [200, 206], [212, 214], [267, 268], [267, 275], [277, 282], [293, 300], [300, 302], [321, 330], [330, 333], [347, 350], [353, 354], [353, 365], [375, 380], [380, 389]], "missing_branches": [[184, 185], [198, 199], [212, 213], [277, 278], [279, 280], [279, 282], [293, 294], [294, 295], [294, 297], [295, 294], [295, 296], [297, 298], [297, 300], [300, 301], [321, 322], [322, 328], [322, 330], [328, 322], [328, 329], [330, 331], [347, 348], [358, 359], [358, 363], [375, 376], [380, 381]]}, "generate": {"executed_lines": [], "summary": {"covered_lines": 0, "num_statements": 1, "percent_covered": 0.0, "percent_covered_display": "0", "missing_lines": 1, "excluded_lines": 0, "percent_statements_covered": 0.0, "percent_statements_covered_display": "0", "num_branches": 0, "num_partial_branches": 0, "covered_branches": 0, "missing_branches": 0, "percent_branches_covered": 100.0, "percent_branches_covered_display": "100"}, "missing_lines": [406], "excluded_lines": [], "start_line": 403, "executed_branches": [], "missing_branches": []}, "compare_torch_vs_classic": {"executed_lines": [], "summary": {"covered_lines": 0, "num_statements": 4, "percent_covered": 0.0, "percent_covered_display": "0", "missing_lines": 4, "excluded_lines": 0, "percent_statements_covered": 0.0, "percent_statements_covered_display": "0", "num_branches": 0, "num_partial_branches": 0, "covered_branches": 0, "missing_branches": 0, "percent_branches_covered": 100.0, "percent_branches_covered_display": "100"}, "missing_lines": [414, 415, 416, 417], "excluded_lines": [], "start_line": 409, "executed_branches": [], "missing_branches": []}, "": {"executed_lines": [3, 5, 6, 7, 8, 9, 10, 11, 13, 14, 15, 16, 17, 18, 19, 21, 22, 23, 26, 32, 42, 52, 68, 75, 85, 90, 108, 115, 126, 161, 174, 177, 181, 403, 409], "summary": {"covered_lines": 35, "num_statements": 35, "percent_covered": 100.0, "percent_covered_display": "100", "missing_lines": 0, "excluded_lines": 0, "percent_statements_covered": 100.0, "percent_statements_covered_display": "100", "num_branches": 0, "num_partial_branches": 0, "covered_branches": 0, "missing_branches": 0, "percent_branches_covered": 100.0, "percent_branches_covered_display": "100"}, "missing_lines": [], "excluded_lines": [], "start_line": 1, "executed_branches": [], "missing_branches": []}}, "classes": {"ItergenSynthesizer": {"executed_lines": [178, 179, 182, 183, 184, 187, 192, 193, 195, 196, 197, 198, 200, 201, 206, 211, 212, 214, 216, 225, 232, 239, 246, 251, 255, 260, 266, 267, 268, 273, 275, 276, 277, 282, 283, 288, 290, 291, 292, 293, 300, 302, 304, 311, 321, 330, 333, 347, 350, 351, 353, 354, 355, 356, 365, 375, 380, 389], "summary": {"covered_lines": 58, "num_statements": 83, "percent_covered": 60.62992125984252, "percent_covered_display": "61", "missing_lines": 25, "excluded_lines": 0, "percent_statements_covered": 69.87951807228916, "percent_statements_covered_display": "70", "num_branches": 44, "num_partial_branches": 11, "covered_branches": 19, "missing_branches": 25, "percent_branches_covered": 43.18181818181818, "percent_branches_covered_display": "43"}, "missing_lines": [185, 199, 213, 278, 279, 280, 294, 295, 296, 297, 298, 301, 322, 328, 329, 331, 348, 357, 358, 359, 363, 376, 381, 382, 383], "excluded_lines": [], "start_line": 174, "executed_branches": [[184, 187], [197, 198], [197, 211], [198, 200], [200, 201], [200, 206], [212, 214], [267, 268], [267, 275], [277, 282], [293, 300], [300, 302], [321, 330], [330, 333], [347, 350], [353, 354], [353, 365], [375, 380], [380, 389]], "missing_branches": [[184, 185], [198, 199], [212, 213], [277, 278], [279, 280], [279, 282], [293, 294], [294, 295], [294, 297], [295, 294], [295, 296], [297, 298], [297, 300], [300, 301], [321, 322], [322, 328], [322, 330], [328, 322], [328, 329], [330, 331], [347, 348], [358, 359], [358, 363], [375, 376], [380, 381]]}, "": {"executed_lines": [3, 5, 6, 7, 8, 9, 10, 11, 13, 14, 15, 16, 17, 18, 19, 21, 22, 23, 26, 29, 32, 33, 34, 37, 38, 39, 42, 43, 44, 47, 48, 49, 52, 53, 54, 55, 56, 68, 69, 70, 71, 75, 76, 77, 85, 86, 87, 90, 91, 92, 93, 96, 97, 103, 104, 105, 108, 109, 110, 111, 112, 115, 118, 119, 126, 129, 130, 140, 141, 149, 158, 161, 162, 163, 164, 165, 171, 174, 177, 181, 403, 409], "summary": {"covered_lines": 82, "num_statements": 116, "percent_covered": 65.38461538461539, "percent_covered_display": "65", "missing_lines": 34, "excluded_lines": 0, "percent_statements_covered": 70.6896551724138, "percent_statements_covered_display": "71", "num_branches": 40, "num_partial_branches": 8, "covered_branches": 20, "missing_branches": 20, "percent_branches_covered": 50.0, "percent_branches_covered_display": "50"}, "missing_lines": [35, 36, 45, 46, 57, 58, 60, 61, 62, 63, 64, 65, 72, 78, 79, 80, 81, 82, 94, 120, 121, 122, 123, 150, 166, 167, 168, 169, 170, 406, 414, 415, 416, 417], "excluded_lines": [], "start_line": 1, "executed_branches": [[37, 38], [37, 39], [47, 48], [53, 54], [53, 55], [55, 56], [70, 71], [76, 77], [93, 96], [103, 104], [103, 105], [109, 110], [109, 111], [118, 119], [140, 141], [140, 149], [149, 158], [163, 164], [163, 171], [164, 165]], "missing_branches": [[47, 49], [55, 57], [57, 58], [57, 60], [61, 62], [61, 63], [63, 64], [63, 65], [70, 72], [76, 78], [78, 79], [78, 80], [80, 81], [80, 82], [93, 94], [118, 120], [149, 150], [164, 166], [167, 168], [167, 169]]}}}, "src/itergen/controllers/__init__.py": {"executed_lines": [], "summary": {"covered_lines": 0, "num_statements": 0, "percent_covered": 100.0, "percent_covered_display": "100", "missing_lines": 0, "excluded_lines": 0, "percent_statements_covered": 100.0, "percent_statements_covered_display": "100", "num_branches": 0, "num_partial_branches": 0, "covered_branches": 0, "missing_branches": 0, "percent_branches_covered": 100.0, "percent_branches_covered_display": "100"}, "missing_lines": [], "excluded_lines": [], "executed_branches": [], "missing_branches": [], "functions": {"": {"executed_lines": [], "summary": {"covered_lines": 0, "num_statements": 0, "percent_covered": 100.0, "percent_covered_display": "100", "missing_lines": 0, "excluded_lines": 0, "percent_statements_covered": 100.0, "percent_statements_covered_display": "100", "num_branches": 0, "num_partial_branches": 0, "covered_branches": 0, "missing_branches": 0, "percent_branches_covered": 100.0, "percent_branches_covered_display": "100"}, "missing_lines": [], "excluded_lines": [], "start_line": 1, "executed_branches": [], "missing_branches": []}}, "classes": {"": {"executed_lines": [], "summary": {"covered_lines": 0, "num_statements": 0, "percent_covered": 100.0, "percent_covered_display": "100", "missing_lines": 0, "excluded_lines": 0, "percent_statements_covered": 100.0, "percent_statements_covered_display": "100", "num_branches": 0, "num_partial_branches": 0, "covered_branches": 0, "missing_branches": 0, "percent_branches_covered": 100.0, "percent_branches_covered_display": "100"}, "missing_lines": [], "excluded_lines": [], "start_line": 1, "executed_branches": [], "missing_branches": []}}}, "src/itergen/controllers/classic.py": {"executed_lines": [5, 7, 10, 11, 24, 25, 26, 27, 28, 29, 30, 31, 32, 34, 35, 36, 37, 38, 39, 41, 43, 44, 46, 47, 48, 49, 50, 51, 52, 53, 54, 61, 62, 63, 65, 66, 67, 68, 69, 70, 71, 73, 74, 75, 76, 77, 78, 80, 81, 82, 83, 84, 85, 86, 87, 88, 89, 90, 91, 93, 95, 96, 97, 98, 99, 100, 107, 108, 109, 110, 111, 112, 113, 114, 115, 116, 118, 119, 120, 121, 122, 125, 126, 128, 141, 142, 143, 144, 145, 147, 149], "summary": {"covered_lines": 91, "num_statements": 92, "percent_covered": 97.95918367346938, "percent_covered_display": "98", "missing_lines": 1, "excluded_lines": 0, "percent_statements_covered": 98.91304347826087, "percent_statements_covered_display": "99", "num_branches": 6, "num_partial_branches": 1, "covered_branches": 5, "missing_branches": 1, "percent_branches_covered": 83.33333333333333, "percent_branches_covered_display": "83"}, "missing_lines": [129], "excluded_lines": [], "executed_branches": [[49, 50], [49, 63], [95, 96], [95, 128], [128, 141]], "missing_branches": [[128, 129]], "functions": {"PenaltyController.__init__": {"executed_lines": [24, 25, 26, 27, 28, 29, 30, 31, 32, 34, 35, 36, 37, 38, 39, 41], "summary": {"covered_lines": 16, "num_statements": 16, "percent_covered": 100.0, "percent_covered_display": "100", "missing_lines": 0, "excluded_lines": 0, "percent_statements_covered": 100.0, "percent_statements_covered_display": "100", "num_branches": 0, "num_partial_branches": 0, "covered_branches": 0, "missing_branches": 0, "percent_branches_covered": 100.0, "percent_branches_covered_display": "100"}, "missing_lines": [], "excluded_lines": [], "start_line": 11, "executed_branches": [], "missing_branches": []}, "PenaltyController._sigmoid": {"executed_lines": [44], "summary": {"covered_lines": 1, "num_statements": 1, "percent_covered": 100.0, "percent_covered_display": "100", "missing_lines": 0, "excluded_lines": 0, "percent_statements_covered": 100.0, "percent_statements_covered_display": "100", "num_branches": 0, "num_partial_branches": 0, "covered_branches": 0, "missing_branches": 0, "percent_branches_covered": 100.0, "percent_branches_covered_display": "100"}, "missing_lines": [], "excluded_lines": [], "start_line": 43, "executed_branches": [], "missing_branches": []}, "PenaltyController.compute_multipliers": {"executed_lines": [47, 48, 49, 50, 51, 52, 53, 54, 61, 62, 63], "summary": {"covered_lines": 11, "num_statements": 11, "percent_covered": 100.0, "percent_covered_display": "100", "missing_lines": 0, "excluded_lines": 0, "percent_statements_covered": 100.0, "percent_statements_covered_display": "100", "num_branches": 2, "num_partial_branches": 0, "covered_branches": 2, "missing_branches": 0, "percent_branches_covered": 100.0, "percent_branches_covered_display": "100"}, "missing_lines": [], "excluded_lines": [], "start_line": 46, "executed_branches": [[49, 50], [49, 63]], "missing_branches": []}, "PenaltyController._delta_total": {"executed_lines": [66, 67, 68, 69, 70, 71], "summary": {"covered_lines": 6, "num_statements": 6, "percent_covered": 100.0, "percent_covered_display": "100", "missing_lines": 0, "excluded_lines": 0, "percent_statements_covered": 100.0, "percent_statements_covered_display": "100", "num_branches": 0, "num_partial_branches": 0, "covered_branches": 0, "missing_branches": 0, "percent_branches_covered": 100.0, "percent_branches_covered_display": "100"}, "missing_lines": [], "excluded_lines": [], "start_line": 65, "executed_branches": [], "missing_branches": []}, "PenaltyController._target_multiplier": {"executed_lines": [74, 75, 76, 77, 78], "summary": {"covered_lines": 5, "num_statements": 5, "percent_covered": 100.0, "percent_covered_display": "100", "missing_lines": 0, "excluded_lines": 0, "percent_statements_covered": 100.0, "percent_statements_covered_display": "100", "num_branches": 0, "num_partial_branches": 0, "covered_branches": 0, "missing_branches": 0, "percent_branches_covered": 100.0, "percent_branches_covered_display": "100"}, "missing_lines": [], "excluded_lines": [], "start_line": 73, "executed_branches": [], "missing_branches": []}, "PenaltyController.update": {"executed_lines": [81, 82, 83, 84, 85, 86, 87, 88, 89, 90, 91, 93, 95, 96, 97, 98, 99, 100, 107, 108, 109, 110, 111, 112, 113, 114, 115, 116, 118, 119, 120, 121, 122, 125, 126, 128, 141, 142, 143, 144, 145, 147, 149], "summary": {"covered_lines": 43, "num_statements": 44, "percent_covered": 95.83333333333333, "percent_covered_display": "96", "missing_lines": 1, "excluded_lines": 0, "percent_statements_covered": 97.72727272727273, "percent_statements_covered_display": "98", "num_branches": 4, "num_partial_branches": 1, "covered_branches": 3, "missing_branches": 1, "percent_branches_covered": 75.0, "percent_branches_covered_display": "75"}, "missing_lines": [129], "excluded_lines": [], "start_line": 80, "executed_branches": [[95, 96], [95, 128], [128, 141]], "missing_branches": [[128, 129]]}, "": {"executed_lines": [5, 7, 10, 11, 43, 46, 65, 73, 80], "summary": {"covered_lines": 9, "num_statements": 9, "percent_covered": 100.0, "percent_covered_display": "100", "missing_lines": 0, "excluded_lines": 0, "percent_statements_covered": 100.0, "percent_statements_covered_display": "100", "num_branches": 0, "num_partial_branches": 0, "covered_branches": 0, "missing_branches": 0, "percent_branches_covered": 100.0, "percent_branches_covered_display": "100"}, "missing_lines": [], "excluded_lines": [], "start_line": 1, "executed_branches": [], "missing_branches": []}}, "classes": {"PenaltyController": {"executed_lines": [24, 25, 26, 27, 28, 29, 30, 31, 32, 34, 35, 36, 37, 38, 39, 41, 44, 47, 48, 49, 50, 51, 52, 53, 54, 61, 62, 63, 66, 67, 68, 69, 70, 71, 74, 75, 76, 77, 78, 81, 82, 83, 84, 85, 86, 87, 88, 89, 90, 91, 93, 95, 96, 97, 98, 99, 100, 107, 108, 109, 110, 111, 112, 113, 114, 115, 116, 118, 119, 120, 121, 122, 125, 126, 128, 141, 142, 143, 144, 145, 147, 149], "summary": {"covered_lines": 82, "num_statements": 83, "percent_covered": 97.75280898876404, "percent_covered_display": "98", "missing_lines": 1, "excluded_lines": 0, "percent_statements_covered": 98.79518072289157, "percent_statements_covered_display": "99", "num_branches": 6, "num_partial_branches": 1, "covered_branches": 5, "missing_branches": 1, "percent_branches_covered": 83.33333333333333, "percent_branches_covered_display": "83"}, "missing_lines": [129], "excluded_lines": [], "start_line": 10, "executed_branches": [[49, 50], [49, 63], [95, 96], [95, 128], [128, 141]], "missing_branches": [[128, 129]]}, "": {"executed_lines": [5, 7, 10, 11, 43, 46, 65, 73, 80], "summary": {"covered_lines": 9, "num_statements": 9, "percent_covered": 100.0, "percent_covered_display": "100", "missing_lines": 0, "excluded_lines": 0, "percent_statements_covered": 100.0, "percent_statements_covered_display": "100", "num_branches": 0, "num_partial_branches": 0, "covered_branches": 0, "missing_branches": 0, "percent_branches_covered": 100.0, "percent_branches_covered_display": "100"}, "missing_lines": [], "excluded_lines": [], "start_line": 1, "executed_branches": [], "missing_branches": []}}}, "src/itergen/engine/__init__.py": {"executed_lines": [], "summary": {"covered_lines": 0, "num_statements": 0, "percent_covered": 100.0, "percent_covered_display": "100", "missing_lines": 0, "excluded_lines": 0, "percent_statements_covered": 100.0, "percent_statements_covered_display": "100", "num_branches": 0, "num_partial_branches": 0, "covered_branches": 0, "missing_branches": 0, "percent_branches_covered": 100.0, "percent_branches_covered_display": "100"}, "missing_lines": [], "excluded_lines": [], "executed_branches": [], "missing_branches": [], "functions": {"": {"executed_lines": [], "summary": {"covered_lines": 0, "num_statements": 0, "percent_covered": 100.0, "percent_covered_display": "100", "missing_lines": 0, "excluded_lines": 0, "percent_statements_covered": 100.0, "percent_statements_covered_display": "100", "num_branches": 0, "num_partial_branches": 0, "covered_branches": 0, "missing_branches": 0, "percent_branches_covered": 100.0, "percent_branches_covered_display": "100"}, "missing_lines": [], "excluded_lines": [], "start_line": 1, "executed_branches": [], "missing_branches": []}}, "classes": {"": {"executed_lines": [], "summary": {"covered_lines": 0, "num_statements": 0, "percent_covered": 100.0, "percent_covered_display": "100", "missing_lines": 0, "excluded_lines": 0, "percent_statements_covered": 100.0, "percent_statements_covered_display": "100", "num_branches": 0, "num_partial_branches": 0, "covered_branches": 0, "missing_branches": 0, "percent_branches_covered": 100.0, "percent_branches_covered_display": "100"}, "missing_lines": [], "excluded_lines": [], "start_line": 1, "executed_branches": [], "missing_branches": []}}}, "src/itergen/engine/adjustments.py": {"executed_lines": [5, 7, 19, 22, 23, 24, 25, 26, 27, 30, 31, 32, 33, 36, 39, 40, 41, 43, 44, 45, 46, 47, 48, 49, 50, 51, 56, 57, 59, 60, 61, 62, 63, 66, 67, 68, 70, 71, 72, 73, 83, 98, 99, 100, 102, 103, 105, 115, 116, 119, 122, 126, 127, 129, 130, 131, 132, 133, 134, 137, 138, 140, 143, 144, 145, 146, 148, 149, 151, 152, 157, 158, 160, 161, 162, 165, 177, 178, 179, 180, 182, 183, 184, 185, 186, 189, 190, 192, 195, 420, 445, 446, 448, 451, 452, 459, 460, 461, 462, 468, 469, 470, 472, 473, 474, 482, 484, 487, 490, 494, 495, 496, 523, 524, 525, 526, 527, 528, 529, 530, 531, 532, 549, 550, 551, 600, 601, 603, 604, 605, 606, 607, 608, 609, 611, 612, 613, 615, 617, 618, 619, 620, 621, 622, 623, 624, 625, 628, 629, 634, 635, 636, 654, 657, 667, 669, 670, 671, 672, 673, 674, 675, 676, 677, 681, 682, 683, 684, 685, 687, 691, 692, 693, 694, 695, 696, 698, 699, 700, 704, 705, 706, 707, 708, 710, 711, 712, 713, 714, 737, 738, 739, 740, 743, 744, 747, 748, 749, 750, 751, 752, 753, 754, 756, 757, 758, 759, 760, 761, 762, 763, 764, 769, 770, 771, 772, 773, 776, 777, 778, 779, 780, 781, 784, 785, 788, 789, 790, 791, 792, 793, 794, 795, 822, 823, 826, 827, 828, 829], "summary": {"covered_lines": 239, "num_statements": 534, "percent_covered": 42.53731343283582, "percent_covered_display": "43", "missing_lines": 295, "excluded_lines": 0, "percent_statements_covered": 44.756554307116104, "percent_statements_covered_display": "45", "num_branches": 270, "num_partial_branches": 53, "covered_branches": 103, "missing_branches": 167, "percent_branches_covered": 38.148148148148145, "percent_branches_covered_display": "38"}, "missing_lines": [34, 35, 42, 52, 53, 58, 69, 74, 75, 76, 77, 78, 79, 80, 106, 107, 108, 109, 111, 112, 113, 117, 141, 147, 153, 154, 155, 159, 163, 166, 167, 168, 169, 170, 171, 172, 173, 174, 175, 181, 187, 188, 210, 211, 212, 214, 215, 217, 218, 219, 220, 221, 223, 224, 225, 227, 228, 229, 231, 232, 233, 235, 236, 237, 238, 239, 240, 241, 242, 245, 247, 249, 252, 253, 254, 256, 258, 259, 260, 261, 262, 263, 264, 270, 271, 272, 273, 274, 276, 277, 279, 280, 281, 282, 286, 287, 288, 290, 291, 292, 293, 294, 295, 297, 298, 302, 303, 304, 305, 306, 313, 314, 315, 316, 317, 318, 319, 320, 323, 324, 325, 326, 327, 335, 336, 337, 338, 339, 340, 341, 342, 343, 344, 345, 346, 347, 348, 349, 350, 352, 354, 355, 356, 357, 358, 359, 360, 361, 363, 364, 366, 367, 369, 370, 373, 374, 375, 376, 377, 379, 380, 381, 382, 384, 385, 386, 388, 389, 390, 392, 393, 394, 395, 396, 397, 398, 399, 400, 401, 403, 404, 405, 406, 407, 408, 409, 410, 411, 412, 413, 414, 415, 417, 447, 449, 453, 475, 476, 477, 478, 479, 480, 483, 485, 488, 497, 498, 499, 500, 501, 502, 503, 507, 522, 552, 553, 554, 555, 556, 557, 558, 559, 560, 561, 562, 563, 564, 565, 566, 568, 569, 572, 573, 574, 581, 582, 599, 602, 610, 614, 626, 668, 679, 686, 688, 689, 690, 723, 724, 725, 726, 727, 728, 730, 731, 732, 733, 734, 735, 741, 742, 745, 746, 755, 766, 767, 786, 797, 798, 799, 801, 802, 803, 804, 805, 806, 808, 809, 810, 811, 812, 814, 815, 816, 817, 819, 824, 831, 832, 833, 834, 835, 837, 838, 839], "excluded_lines": [], "executed_branches": [[25, -22], [25, 26], [33, 36], [41, 43], [44, 45], [46, 47], [46, 50], [48, 46], [48, 49], [57, 59], [61, 62], [68, 70], [70, 71], [98, 99], [98, 102], [105, 115], [116, 119], [126, 127], [126, 129], [131, 132], [131, 140], [132, 133], [132, 134], [140, 143], [143, 144], [146, 148], [148, 149], [148, 151], [152, 157], [158, 160], [162, 165], [165, 177], [179, 180], [179, 192], [180, 182], [183, 184], [183, 185], [186, 189], [446, 448], [448, 451], [452, 459], [460, 461], [460, 462], [468, 469], [473, 474], [482, 484], [484, 487], [487, 490], [494, 495], [494, 549], [496, 523], [525, 526], [525, 527], [529, 530], [549, 550], [549, 654], [551, 600], [601, 603], [604, 605], [604, 606], [606, 549], [606, 607], [609, 611], [612, 613], [612, 617], [613, 615], [620, 621], [625, 628], [667, 669], [672, 673], [672, 681], [675, 676], [683, 684], [683, 773], [685, 687], [687, 691], [691, 692], [691, 753], [699, 700], [705, 706], [707, 708], [707, 710], [710, 711], [713, 714], [747, 748], [749, 750], [754, 756], [758, 759], [758, 769], [762, 763], [771, 772], [778, 779], [778, 781], [779, 780], [785, 788], [788, 789], [790, 791], [790, 795], [792, 793], [823, 826], [826, 827], [827, 828], [827, 829]], "missing_branches": [[33, 34], [41, 42], [44, 52], [57, 58], [61, 63], [68, 69], [70, 74], [78, 79], [78, 80], [105, 106], [106, 107], [106, 111], [116, 117], [140, 141], [143, 151], [146, 147], [152, 153], [154, 155], [154, 157], [158, 159], [162, 163], [165, 166], [167, 168], [167, 169], [171, 172], [171, 173], [180, 181], [186, 187], [210, 211], [210, 214], [217, 218], [217, 227], [218, 219], [218, 223], [228, 229], [228, 231], [237, 238], [237, 354], [239, 240], [239, 354], [241, 242], [241, 247], [253, 254], [253, 256], [261, 262], [261, 276], [262, 263], [262, 264], [270, 271], [270, 272], [276, 277], [276, 279], [280, 281], [280, 282], [287, 288], [287, 290], [291, 292], [291, 293], [294, 295], [294, 297], [303, 304], [303, 305], [314, 315], [314, 352], [316, 317], [316, 318], [325, 326], [325, 327], [345, 346], [345, 347], [347, 348], [347, 349], [349, 314], [349, 350], [363, 364], [363, 366], [376, 377], [376, 379], [381, 382], [381, 384], [385, 386], [385, 388], [389, 390], [389, 392], [404, 405], [404, 417], [406, 407], [406, 408], [410, 411], [410, 412], [412, 413], [412, 414], [414, 404], [414, 415], [446, 447], [448, 449], [452, 453], [468, 470], [473, 475], [476, 477], [476, 478], [478, 479], [478, 480], [482, 483], [484, 485], [487, 488], [496, 497], [498, 499], [498, 500], [501, 502], [501, 503], [529, 531], [551, 552], [553, 554], [553, 555], [555, 556], [555, 557], [557, 558], [557, 599], [560, 561], [560, 562], [563, 564], [563, 568], [564, 565], [564, 566], [572, 573], [572, 574], [601, 602], [609, 610], [613, 614], [620, 622], [625, 626], [667, 668], [675, 679], [685, 686], [687, 688], [689, 690], [689, 691], [699, 710], [705, 710], [710, 730], [713, 723], [747, 749], [749, 751], [754, 755], [762, 766], [771, 683], [779, 778], [785, 786], [788, 797], [792, 794], [801, 802], [801, 808], [803, 804], [803, 806], [809, 810], [809, 814], [811, 809], [811, 812], [814, 815], [814, 819], [823, 824], [826, 831], [833, 834], [833, 837], [837, -822], [837, 838]], "functions": {"iter_batches": {"executed_lines": [23, 24, 25, 26, 27], "summary": {"covered_lines": 5, "num_statements": 5, "percent_covered": 100.0, "percent_covered_display": "100", "missing_lines": 0, "excluded_lines": 0, "percent_statements_covered": 100.0, "percent_statements_covered_display": "100", "num_branches": 2, "num_partial_branches": 0, "covered_branches": 2, "missing_branches": 0, "percent_branches_covered": 100.0, "percent_branches_covered_display": "100"}, "missing_lines": [], "excluded_lines": [], "start_line": 22, "executed_branches": [[25, -22], [25, 26]], "missing_branches": []}, "_normalize_probs": {"executed_lines": [31, 32, 33, 36], "summary": {"covered_lines": 4, "num_statements": 6, "percent_covered": 62.5, "percent_covered_display": "62", "missing_lines": 2, "excluded_lines": 0, "percent_statements_covered": 66.66666666666667, "percent_statements_covered_display": "67", "num_branches": 2, "num_partial_branches": 1, "covered_branches": 1, "missing_branches": 1, "percent_branches_covered": 50.0, "percent_branches_covered_display": "50"}, "missing_lines": [34, 35], "excluded_lines": [], "start_line": 30, "executed_branches": [[33, 36]], "missing_branches": [[33, 34]]}, "_fallback_probs": {"executed_lines": [40, 41, 43, 44, 45, 46, 47, 48, 49, 50, 51], "summary": {"covered_lines": 11, "num_statements": 14, "percent_covered": 77.27272727272727, "percent_covered_display": "77", "missing_lines": 3, "excluded_lines": 0, "percent_statements_covered": 78.57142857142857, "percent_statements_covered_display": "79", "num_branches": 8, "num_partial_branches": 2, "covered_branches": 6, "missing_branches": 2, "percent_branches_covered": 75.0, "percent_branches_covered_display": "75"}, "missing_lines": [42, 52, 53], "excluded_lines": [], "start_line": 39, "executed_branches": [[41, 43], [44, 45], [46, 47], [46, 50], [48, 46], [48, 49]], "missing_branches": [[41, 42], [44, 52]]}, "_desired_flip_count": {"executed_lines": [57, 59, 60, 61, 62, 63], "summary": {"covered_lines": 6, "num_statements": 7, "percent_covered": 72.72727272727273, "percent_covered_display": "73", "missing_lines": 1, "excluded_lines": 0, "percent_statements_covered": 85.71428571428571, "percent_statements_covered_display": "86", "num_branches": 4, "num_partial_branches": 2, "covered_branches": 2, "missing_branches": 2, "percent_branches_covered": 50.0, "percent_branches_covered_display": "50"}, "missing_lines": [58], "excluded_lines": [], "start_line": 56, "executed_branches": [[57, 59], [61, 62]], "missing_branches": [[57, 58], [61, 63]]}, "_pick_indices": {"executed_lines": [67, 68, 70, 71, 72, 73], "summary": {"covered_lines": 6, "num_statements": 14, "percent_covered": 40.0, "percent_covered_display": "40", "missing_lines": 8, "excluded_lines": 0, "percent_statements_covered": 42.857142857142854, "percent_statements_covered_display": "43", "num_branches": 6, "num_partial_branches": 2, "covered_branches": 2, "missing_branches": 4, "percent_branches_covered": 33.333333333333336, "percent_branches_covered_display": "33"}, "missing_lines": [69, 74, 75, 76, 77, 78, 79, 80], "excluded_lines": [], "start_line": 66, "executed_branches": [[68, 70], [70, 71]], "missing_branches": [[68, 69], [70, 74], [78, 79], [78, 80]]}, "_categorical_flips": {"executed_lines": [98, 99, 100, 102, 103, 105, 115, 116, 119, 122, 126, 127, 129, 130, 131, 132, 133, 134, 137, 138, 140, 143, 144, 145, 146, 148, 149, 151, 152, 157, 158, 160, 161, 162, 165, 177, 178, 179, 180, 182, 183, 184, 185, 186, 189, 190, 192], "summary": {"covered_lines": 47, "num_statements": 75, "percent_covered": 60.50420168067227, "percent_covered_display": "61", "missing_lines": 28, "excluded_lines": 0, "percent_statements_covered": 62.666666666666664, "percent_statements_covered_display": "63", "num_branches": 44, "num_partial_branches": 11, "covered_branches": 25, "missing_branches": 19, "percent_branches_covered": 56.81818181818182, "percent_branches_covered_display": "57"}, "missing_lines": [106, 107, 108, 109, 111, 112, 113, 117, 141, 147, 153, 154, 155, 159, 163, 166, 167, 168, 169, 170, 171, 172, 173, 174, 175, 181, 187, 188], "excluded_lines": [], "start_line": 83, "executed_branches": [[98, 99], [98, 102], [105, 115], [116, 119], [126, 127], [126, 129], [131, 132], [131, 140], [132, 133], [132, 134], [140, 143], [143, 144], [146, 148], [148, 149], [148, 151], [152, 157], [158, 160], [162, 165], [165, 177], [179, 180], [179, 192], [180, 182], [183, 184], [183, 185], [186, 189]], "missing_branches": [[105, 106], [106, 107], [106, 111], [116, 117], [140, 141], [143, 151], [146, 147], [152, 153], [154, 155], [154, 157], [158, 159], [162, 163], [165, 166], [167, 168], [167, 169], [171, 172], [171, 173], [180, 181], [186, 187]]}, "_continuous_flips": {"executed_lines": [], "summary": {"covered_lines": 0, "num_statements": 151, "percent_covered": 0.0, "percent_covered_display": "0", "missing_lines": 151, "excluded_lines": 0, "percent_statements_covered": 0.0, "percent_statements_covered_display": "0", "num_branches": 66, "num_partial_branches": 0, "covered_branches": 0, "missing_branches": 66, "percent_branches_covered": 0.0, "percent_branches_covered_display": "0"}, "missing_lines": [210, 211, 212, 214, 215, 217, 218, 219, 220, 221, 223, 224, 225, 227, 228, 229, 231, 232, 233, 235, 236, 237, 238, 239, 240, 241, 242, 245, 247, 249, 252, 253, 254, 256, 258, 259, 260, 261, 262, 263, 264, 270, 271, 272, 273, 274, 276, 277, 279, 280, 281, 282, 286, 287, 288, 290, 291, 292, 293, 294, 295, 297, 298, 302, 303, 304, 305, 306, 313, 314, 315, 316, 317, 318, 319, 320, 323, 324, 325, 326, 327, 335, 336, 337, 338, 339, 340, 341, 342, 343, 344, 345, 346, 347, 348, 349, 350, 352, 354, 355, 356, 357, 358, 359, 360, 361, 363, 364, 366, 367, 369, 370, 373, 374, 375, 376, 377, 379, 380, 381, 382, 384, 385, 386, 388, 389, 390, 392, 393, 394, 395, 396, 397, 398, 399, 400, 401, 403, 404, 405, 406, 407, 408, 409, 410, 411, 412, 413, 414, 415, 417], "excluded_lines": [], "start_line": 195, "executed_branches": [], "missing_branches": [[210, 211], [210, 214], [217, 218], [217, 227], [218, 219], [218, 223], [228, 229], [228, 231], [237, 238], [237, 354], [239, 240], [239, 354], [241, 242], [241, 247], [253, 254], [253, 256], [261, 262], [261, 276], [262, 263], [262, 264], [270, 271], [270, 272], [276, 277], [276, 279], [280, 281], [280, 282], [287, 288], [287, 290], [291, 292], [291, 293], [294, 295], [294, 297], [303, 304], [303, 305], [314, 315], [314, 352], [316, 317], [316, 318], [325, 326], [325, 327], [345, 346], [345, 347], [347, 348], [347, 349], [349, 314], [349, 350], [363, 364], [363, 366], [376, 377], [376, 379], [381, 382], [381, 384], [385, 386], [385, 388], [389, 390], [389, 392], [404, 405], [404, 417], [406, 407], [406, 408], [410, 411], [410, 412], [412, 413], [412, 414], [414, 404], [414, 415]]}, "build_guided_flips": {"executed_lines": [445, 446, 448, 451, 472, 482, 484, 487, 490, 494, 495, 496, 523, 524, 525, 526, 527, 528, 529, 530, 531, 532, 549, 550, 551, 600, 601, 603, 604, 605, 606, 607, 608, 609, 611, 612, 613, 615, 617, 618, 619, 620, 621, 622, 623, 624, 625, 628, 629, 634, 635, 636, 654], "summary": {"covered_lines": 53, "num_statements": 94, "percent_covered": 52.0, "percent_covered_display": "52", "missing_lines": 41, "excluded_lines": 0, "percent_statements_covered": 56.38297872340426, "percent_statements_covered_display": "56", "num_branches": 56, "num_partial_branches": 13, "covered_branches": 25, "missing_branches": 31, "percent_branches_covered": 44.642857142857146, "percent_branches_covered_display": "45"}, "missing_lines": [447, 449, 483, 485, 488, 497, 498, 499, 500, 501, 502, 503, 507, 522, 552, 553, 554, 555, 556, 557, 558, 559, 560, 561, 562, 563, 564, 565, 566, 568, 569, 572, 573, 574, 581, 582, 599, 602, 610, 614, 626], "excluded_lines": [], "start_line": 420, "executed_branches": [[446, 448], [448, 451], [482, 484], [484, 487], [487, 490], [494, 495], [494, 549], [496, 523], [525, 526], [525, 527], [529, 530], [549, 550], [549, 654], [551, 600], [601, 603], [604, 605], [604, 606], [606, 549], [606, 607], [609, 611], [612, 613], [612, 617], [613, 615], [620, 621], [625, 628]], "missing_branches": [[446, 447], [448, 449], [482, 483], [484, 485], [487, 488], [496, 497], [498, 499], [498, 500], [501, 502], [501, 503], [529, 531], [551, 552], [553, 554], [553, 555], [555, 556], [555, 557], [557, 558], [557, 599], [560, 561], [560, 562], [563, 564], [563, 568], [564, 565], [564, 566], [572, 573], [572, 574], [601, 602], [609, 610], [613, 614], [620, 622], [625, 626]]}, "build_guided_flips._condition_mask": {"executed_lines": [452, 459, 460, 461, 462, 468, 469, 470], "summary": {"covered_lines": 8, "num_statements": 9, "percent_covered": 80.0, "percent_covered_display": "80", "missing_lines": 1, "excluded_lines": 0, "percent_statements_covered": 88.88888888888889, "percent_statements_covered_display": "89", "num_branches": 6, "num_partial_branches": 2, "covered_branches": 4, "missing_branches": 2, "percent_branches_covered": 66.66666666666667, "percent_branches_covered_display": "67"}, "missing_lines": [453], "excluded_lines": [], "start_line": 451, "executed_branches": [[452, 459], [460, 461], [460, 462], [468, 469]], "missing_branches": [[452, 453], [468, 470]]}, "build_guided_flips._locked_mask_for_col": {"executed_lines": [473, 474], "summary": {"covered_lines": 2, "num_statements": 8, "percent_covered": 21.428571428571427, "percent_covered_display": "21", "missing_lines": 6, "excluded_lines": 0, "percent_statements_covered": 25.0, "percent_statements_covered_display": "25", "num_branches": 6, "num_partial_branches": 1, "covered_branches": 1, "missing_branches": 5, "percent_branches_covered": 16.666666666666668, "percent_branches_covered_display": "17"}, "missing_lines": [475, 476, 477, 478, 479, 480], "excluded_lines": [], "start_line": 472, "executed_branches": [[473, 474]], "missing_branches": [[473, 475], [476, 477], [476, 478], [478, 479], [478, 480]]}, "build_random_flips": {"executed_lines": [667, 669, 670, 671, 672, 673, 674, 675, 676, 677, 681, 682, 683, 684, 685, 687, 691, 692, 693, 694, 695, 696, 698, 699, 700, 704, 705, 706, 707, 708, 710, 711, 712, 713, 714, 737, 738, 739, 740, 743, 744, 747, 748, 749, 750, 751, 752, 753, 754, 756, 757, 758, 759, 760, 761, 762, 763, 764, 769, 770, 771, 772, 773], "summary": {"covered_lines": 63, "num_statements": 88, "percent_covered": 68.25396825396825, "percent_covered_display": "68", "missing_lines": 25, "excluded_lines": 0, "percent_statements_covered": 71.5909090909091, "percent_statements_covered_display": "72", "num_branches": 38, "num_partial_branches": 13, "covered_branches": 23, "missing_branches": 15, "percent_branches_covered": 60.526315789473685, "percent_branches_covered_display": "61"}, "missing_lines": [668, 679, 686, 688, 689, 690, 723, 724, 725, 726, 727, 728, 730, 731, 732, 733, 734, 735, 741, 742, 745, 746, 755, 766, 767], "excluded_lines": [], "start_line": 657, "executed_branches": [[667, 669], [672, 673], [672, 681], [675, 676], [683, 684], [683, 773], [685, 687], [687, 691], [691, 692], [691, 753], [699, 700], [705, 706], [707, 708], [707, 710], [710, 711], [713, 714], [747, 748], [749, 750], [754, 756], [758, 759], [758, 769], [762, 763], [771, 772]], "missing_branches": [[667, 668], [675, 679], [685, 686], [687, 688], [689, 690], [689, 691], [699, 710], [705, 710], [710, 730], [713, 723], [747, 749], [749, 751], [754, 755], [762, 766], [771, 683]]}, "merge_flips": {"executed_lines": [777, 778, 779, 780, 781], "summary": {"covered_lines": 5, "num_statements": 5, "percent_covered": 88.88888888888889, "percent_covered_display": "89", "missing_lines": 0, "excluded_lines": 0, "percent_statements_covered": 100.0, "percent_statements_covered_display": "100", "num_branches": 4, "num_partial_branches": 1, "covered_branches": 3, "missing_branches": 1, "percent_branches_covered": 75.0, "percent_branches_covered_display": "75"}, "missing_lines": [], "excluded_lines": [], "start_line": 776, "executed_branches": [[778, 779], [778, 781], [779, 780]], "missing_branches": [[779, 778]]}, "apply_flips": {"executed_lines": [785, 788, 789, 790, 791, 792, 793, 794, 795], "summary": {"covered_lines": 9, "num_statements": 29, "percent_covered": 29.78723404255319, "percent_covered_display": "30", "missing_lines": 20, "excluded_lines": 0, "percent_statements_covered": 31.03448275862069, "percent_statements_covered_display": "31", "num_branches": 18, "num_partial_branches": 3, "covered_branches": 5, "missing_branches": 13, "percent_branches_covered": 27.77777777777778, "percent_branches_covered_display": "28"}, "missing_lines": [786, 797, 798, 799, 801, 802, 803, 804, 805, 806, 808, 809, 810, 811, 812, 814, 815, 816, 817, 819], "excluded_lines": [], "start_line": 784, "executed_branches": [[785, 788], [788, 789], [790, 791], [790, 795], [792, 793]], "missing_branches": [[785, 786], [788, 797], [792, 794], [801, 802], [801, 808], [803, 804], [803, 806], [809, 810], [809, 814], [811, 809], [811, 812], [814, 815], [814, 819]]}, "revert_flips": {"executed_lines": [823, 826, 827, 828, 829], "summary": {"covered_lines": 5, "num_statements": 14, "percent_covered": 37.5, "percent_covered_display": "38", "missing_lines": 9, "excluded_lines": 0, "percent_statements_covered": 35.714285714285715, "percent_statements_covered_display": "36", "num_branches": 10, "num_partial_branches": 2, "covered_branches": 4, "missing_branches": 6, "percent_branches_covered": 40.0, "percent_branches_covered_display": "40"}, "missing_lines": [824, 831, 832, 833, 834, 835, 837, 838, 839], "excluded_lines": [], "start_line": 822, "executed_branches": [[823, 826], [826, 827], [827, 828], [827, 829]], "missing_branches": [[823, 824], [826, 831], [833, 834], [833, 837], [837, -822], [837, 838]]}, "": {"executed_lines": [5, 7, 19, 22, 30, 39, 56, 66, 83, 195, 420, 657, 776, 784, 822], "summary": {"covered_lines": 15, "num_statements": 15, "percent_covered": 100.0, "percent_covered_display": "100", "missing_lines": 0, "excluded_lines": 0, "percent_statements_covered": 100.0, "percent_statements_covered_display": "100", "num_branches": 0, "num_partial_branches": 0, "covered_branches": 0, "missing_branches": 0, "percent_branches_covered": 100.0, "percent_branches_covered_display": "100"}, "missing_lines": [], "excluded_lines": [], "start_line": 1, "executed_branches": [], "missing_branches": []}}, "classes": {"": {"executed_lines": [5, 7, 19, 22, 23, 24, 25, 26, 27, 30, 31, 32, 33, 36, 39, 40, 41, 43, 44, 45, 46, 47, 48, 49, 50, 51, 56, 57, 59, 60, 61, 62, 63, 66, 67, 68, 70, 71, 72, 73, 83, 98, 99, 100, 102, 103, 105, 115, 116, 119, 122, 126, 127, 129, 130, 131, 132, 133, 134, 137, 138, 140, 143, 144, 145, 146, 148, 149, 151, 152, 157, 158, 160, 161, 162, 165, 177, 178, 179, 180, 182, 183, 184, 185, 186, 189, 190, 192, 195, 420, 445, 446, 448, 451, 452, 459, 460, 461, 462, 468, 469, 470, 472, 473, 474, 482, 484, 487, 490, 494, 495, 496, 523, 524, 525, 526, 527, 528, 529, 530, 531, 532, 549, 550, 551, 600, 601, 603, 604, 605, 606, 607, 608, 609, 611, 612, 613, 615, 617, 618, 619, 620, 621, 622, 623, 624, 625, 628, 629, 634, 635, 636, 654, 657, 667, 669, 670, 671, 672, 673, 674, 675, 676, 677, 681, 682, 683, 684, 685, 687, 691, 692, 693, 694, 695, 696, 698, 699, 700, 704, 705, 706, 707, 708, 710, 711, 712, 713, 714, 737, 738, 739, 740, 743, 744, 747, 748, 749, 750, 751, 752, 753, 754, 756, 757, 758, 759, 760, 761, 762, 763, 764, 769, 770, 771, 772, 773, 776, 777, 778, 779, 780, 781, 784, 785, 788, 789, 790, 791, 792, 793, 794, 795, 822, 823, 826, 827, 828, 829], "summary": {"covered_lines": 239, "num_statements": 534, "percent_covered": 42.53731343283582, "percent_covered_display": "43", "missing_lines": 295, "excluded_lines": 0, "percent_statements_covered": 44.756554307116104, "percent_statements_covered_display": "45", "num_branches": 270, "num_partial_branches": 53, "covered_branches": 103, "missing_branches": 167, "percent_branches_covered": 38.148148148148145, "percent_branches_covered_display": "38"}, "missing_lines": [34, 35, 42, 52, 53, 58, 69, 74, 75, 76, 77, 78, 79, 80, 106, 107, 108, 109, 111, 112, 113, 117, 141, 147, 153, 154, 155, 159, 163, 166, 167, 168, 169, 170, 171, 172, 173, 174, 175, 181, 187, 188, 210, 211, 212, 214, 215, 217, 218, 219, 220, 221, 223, 224, 225, 227, 228, 229, 231, 232, 233, 235, 236, 237, 238, 239, 240, 241, 242, 245, 247, 249, 252, 253, 254, 256, 258, 259, 260, 261, 262, 263, 264, 270, 271, 272, 273, 274, 276, 277, 279, 280, 281, 282, 286, 287, 288, 290, 291, 292, 293, 294, 295, 297, 298, 302, 303, 304, 305, 306, 313, 314, 315, 316, 317, 318, 319, 320, 323, 324, 325, 326, 327, 335, 336, 337, 338, 339, 340, 341, 342, 343, 344, 345, 346, 347, 348, 349, 350, 352, 354, 355, 356, 357, 358, 359, 360, 361, 363, 364, 366, 367, 369, 370, 373, 374, 375, 376, 377, 379, 380, 381, 382, 384, 385, 386, 388, 389, 390, 392, 393, 394, 395, 396, 397, 398, 399, 400, 401, 403, 404, 405, 406, 407, 408, 409, 410, 411, 412, 413, 414, 415, 417, 447, 449, 453, 475, 476, 477, 478, 479, 480, 483, 485, 488, 497, 498, 499, 500, 501, 502, 503, 507, 522, 552, 553, 554, 555, 556, 557, 558, 559, 560, 561, 562, 563, 564, 565, 566, 568, 569, 572, 573, 574, 581, 582, 599, 602, 610, 614, 626, 668, 679, 686, 688, 689, 690, 723, 724, 725, 726, 727, 728, 730, 731, 732, 733, 734, 735, 741, 742, 745, 746, 755, 766, 767, 786, 797, 798, 799, 801, 802, 803, 804, 805, 806, 808, 809, 810, 811, 812, 814, 815, 816, 817, 819, 824, 831, 832, 833, 834, 835, 837, 838, 839], "excluded_lines": [], "start_line": 1, "executed_branches": [[25, -22], [25, 26], [33, 36], [41, 43], [44, 45], [46, 47], [46, 50], [48, 46], [48, 49], [57, 59], [61, 62], [68, 70], [70, 71], [98, 99], [98, 102], [105, 115], [116, 119], [126, 127], [126, 129], [131, 132], [131, 140], [132, 133], [132, 134], [140, 143], [143, 144], [146, 148], [148, 149], [148, 151], [152, 157], [158, 160], [162, 165], [165, 177], [179, 180], [179, 192], [180, 182], [183, 184], [183, 185], [186, 189], [446, 448], [448, 451], [452, 459], [460, 461], [460, 462], [468, 469], [473, 474], [482, 484], [484, 487], [487, 490], [494, 495], [494, 549], [496, 523], [525, 526], [525, 527], [529, 530], [549, 550], [549, 654], [551, 600], [601, 603], [604, 605], [604, 606], [606, 549], [606, 607], [609, 611], [612, 613], [612, 617], [613, 615], [620, 621], [625, 628], [667, 669], [672, 673], [672, 681], [675, 676], [683, 684], [683, 773], [685, 687], [687, 691], [691, 692], [691, 753], [699, 700], [705, 706], [707, 708], [707, 710], [710, 711], [713, 714], [747, 748], [749, 750], [754, 756], [758, 759], [758, 769], [762, 763], [771, 772], [778, 779], [778, 781], [779, 780], [785, 788], [788, 789], [790, 791], [790, 795], [792, 793], [823, 826], [826, 827], [827, 828], [827, 829]], "missing_branches": [[33, 34], [41, 42], [44, 52], [57, 58], [61, 63], [68, 69], [70, 74], [78, 79], [78, 80], [105, 106], [106, 107], [106, 111], [116, 117], [140, 141], [143, 151], [146, 147], [152, 153], [154, 155], [154, 157], [158, 159], [162, 163], [165, 166], [167, 168], [167, 169], [171, 172], [171, 173], [180, 181], [186, 187], [210, 211], [210, 214], [217, 218], [217, 227], [218, 219], [218, 223], [228, 229], [228, 231], [237, 238], [237, 354], [239, 240], [239, 354], [241, 242], [241, 247], [253, 254], [253, 256], [261, 262], [261, 276], [262, 263], [262, 264], [270, 271], [270, 272], [276, 277], [276, 279], [280, 281], [280, 282], [287, 288], [287, 290], [291, 292], [291, 293], [294, 295], [294, 297], [303, 304], [303, 305], [314, 315], [314, 352], [316, 317], [316, 318], [325, 326], [325, 327], [345, 346], [345, 347], [347, 348], [347, 349], [349, 314], [349, 350], [363, 364], [363, 366], [376, 377], [376, 379], [381, 382], [381, 384], [385, 386], [385, 388], [389, 390], [389, 392], [404, 405], [404, 417], [406, 407], [406, 408], [410, 411], [410, 412], [412, 413], [412, 414], [414, 404], [414, 415], [446, 447], [448, 449], [452, 453], [468, 470], [473, 475], [476, 477], [476, 478], [478, 479], [478, 480], [482, 483], [484, 485], [487, 488], [496, 497], [498, 499], [498, 500], [501, 502], [501, 503], [529, 531], [551, 552], [553, 554], [553, 555], [555, 556], [555, 557], [557, 558], [557, 599], [560, 561], [560, 562], [563, 564], [563, 568], [564, 565], [564, 566], [572, 573], [572, 574], [601, 602], [609, 610], [613, 614], [620, 622], [625, 626], [667, 668], [675, 679], [685, 686], [687, 688], [689, 690], [689, 691], [699, 710], [705, 710], [710, 730], [713, 723], [747, 749], [749, 751], [754, 755], [762, 766], [771, 683], [779, 778], [785, 786], [788, 797], [792, 794], [801, 802], [801, 808], [803, 804], [803, 806], [809, 810], [809, 814], [811, 809], [811, 812], [814, 815], [814, 819], [823, 824], [826, 831], [833, 834], [833, 837], [837, -822], [837, 838]]}}}, "src/itergen/engine/generation.py": {"executed_lines": [5, 7, 8, 10, 12, 13, 14, 19, 20, 23, 78, 99, 119, 122, 123, 124, 126, 127, 130, 132, 133, 134, 137, 139, 140, 141, 142, 144, 145, 151, 155, 157, 158, 159, 160, 162, 163, 164, 166, 173, 174, 175, 176, 177, 178, 179, 180, 182, 183, 185, 186, 202, 204, 208, 209, 211, 212, 213, 214, 215, 216, 217, 218, 220, 242, 243, 244, 245, 246, 247, 249, 252, 257, 258, 260, 261, 262, 263, 265, 269, 270, 272, 273, 274, 280, 314, 315, 316, 318, 319, 323, 326, 327, 336, 338, 349, 359, 360, 361], "summary": {"covered_lines": 99, "num_statements": 173, "percent_covered": 53.11203319502075, "percent_covered_display": "53", "missing_lines": 74, "excluded_lines": 0, "percent_statements_covered": 57.225433526011564, "percent_statements_covered_display": "57", "num_branches": 68, "num_partial_branches": 13, "covered_branches": 29, "missing_branches": 39, "percent_branches_covered": 42.64705882352941, "percent_branches_covered_display": "43"}, "missing_lines": [38, 39, 42, 43, 45, 56, 65, 66, 79, 80, 81, 82, 83, 84, 85, 86, 87, 94, 96, 120, 128, 129, 135, 136, 152, 153, 154, 156, 167, 221, 222, 223, 224, 225, 226, 227, 228, 229, 230, 231, 233, 234, 275, 276, 277, 278, 279, 289, 290, 291, 292, 293, 294, 295, 296, 297, 306, 307, 308, 309, 317, 320, 321, 328, 363, 364, 365, 366, 367, 369, 370, 371, 373, 375], "excluded_lines": [], "executed_branches": [[119, 122], [123, 124], [123, 126], [151, 155], [155, 157], [162, 163], [162, 314], [166, 173], [204, 208], [204, 211], [212, 213], [220, 242], [242, 243], [242, 260], [244, 245], [244, 249], [252, 257], [260, 261], [260, 265], [261, 262], [261, 263], [265, 212], [265, 269], [272, 273], [274, 280], [316, 318], [319, 323], [327, 336], [360, 361]], "missing_branches": [[79, 80], [79, 81], [82, -78], [82, 83], [85, 86], [85, 96], [119, 120], [151, 152], [153, 154], [153, 155], [155, 156], [166, 167], [212, 272], [220, 221], [252, 258], [272, 289], [274, 275], [275, 276], [275, 280], [276, 277], [276, 278], [289, 290], [289, 306], [290, 291], [290, 297], [291, 292], [291, 297], [293, 294], [293, 295], [308, 309], [308, 314], [316, 317], [319, 320], [327, 328], [360, 363], [363, 364], [363, 369], [369, 370], [369, 373]], "functions": {"_run_single_attempt": {"executed_lines": [], "summary": {"covered_lines": 0, "num_statements": 8, "percent_covered": 0.0, "percent_covered_display": "0", "missing_lines": 8, "excluded_lines": 0, "percent_statements_covered": 0.0, "percent_statements_covered_display": "0", "num_branches": 0, "num_partial_branches": 0, "covered_branches": 0, "missing_branches": 0, "percent_branches_covered": 100.0, "percent_branches_covered_display": "100"}, "missing_lines": [38, 39, 42, 43, 45, 56, 65, 66], "excluded_lines": [], "start_line": 23, "executed_branches": [], "missing_branches": []}, "_print_stats": {"executed_lines": [], "summary": {"covered_lines": 0, "num_statements": 11, "percent_covered": 0.0, "percent_covered_display": "0", "missing_lines": 11, "excluded_lines": 0, "percent_statements_covered": 0.0, "percent_statements_covered_display": "0", "num_branches": 6, "num_partial_branches": 0, "covered_branches": 0, "missing_branches": 6, "percent_branches_covered": 0.0, "percent_branches_covered_display": "0"}, "missing_lines": [79, 80, 81, 82, 83, 84, 85, 86, 87, 94, 96], "excluded_lines": [], "start_line": 78, "executed_branches": [], "missing_branches": [[79, 80], [79, 81], [82, -78], [82, 83], [85, 86], [85, 96]]}, "generate_until_valid": {"executed_lines": [119, 122, 123, 124, 126, 127, 130, 132, 133, 134, 137, 139, 140, 141, 142, 144, 145, 151, 155, 157, 158, 159, 160, 162, 163, 164, 166, 173, 174, 175, 176, 177, 178, 179, 180, 182, 183, 185, 204, 208, 209, 211, 212, 213, 214, 215, 216, 217, 218, 220, 242, 243, 244, 245, 246, 247, 249, 252, 257, 258, 260, 261, 262, 263, 265, 269, 270, 272, 273, 274, 280, 314, 315, 316, 318, 319, 323, 326, 327, 336, 338, 349, 359, 360, 361], "summary": {"covered_lines": 85, "num_statements": 140, "percent_covered": 56.43564356435643, "percent_covered_display": "56", "missing_lines": 55, "excluded_lines": 0, "percent_statements_covered": 60.714285714285715, "percent_statements_covered_display": "61", "num_branches": 62, "num_partial_branches": 13, "covered_branches": 29, "missing_branches": 33, "percent_branches_covered": 46.774193548387096, "percent_branches_covered_display": "47"}, "missing_lines": [120, 128, 129, 135, 136, 152, 153, 154, 156, 167, 221, 222, 223, 224, 225, 226, 227, 228, 229, 230, 231, 233, 234, 275, 276, 277, 278, 279, 289, 290, 291, 292, 293, 294, 295, 296, 297, 306, 307, 308, 309, 317, 320, 321, 328, 363, 364, 365, 366, 367, 369, 370, 371, 373, 375], "excluded_lines": [], "start_line": 99, "executed_branches": [[119, 122], [123, 124], [123, 126], [151, 155], [155, 157], [162, 163], [162, 314], [166, 173], [204, 208], [204, 211], [212, 213], [220, 242], [242, 243], [242, 260], [244, 245], [244, 249], [252, 257], [260, 261], [260, 265], [261, 262], [261, 263], [265, 212], [265, 269], [272, 273], [274, 280], [316, 318], [319, 323], [327, 336], [360, 361]], "missing_branches": [[119, 120], [151, 152], [153, 154], [153, 155], [155, 156], [166, 167], [212, 272], [220, 221], [252, 258], [272, 289], [274, 275], [275, 276], [275, 280], [276, 277], [276, 278], [289, 290], [289, 306], [290, 291], [290, 297], [291, 292], [291, 297], [293, 294], [293, 295], [308, 309], [308, 314], [316, 317], [319, 320], [327, 328], [360, 363], [363, 364], [363, 369], [369, 370], [369, 373]]}, "generate_until_valid._submit_attempt": {"executed_lines": [186, 202], "summary": {"covered_lines": 2, "num_statements": 2, "percent_covered": 100.0, "percent_covered_display": "100", "missing_lines": 0, "excluded_lines": 0, "percent_statements_covered": 100.0, "percent_statements_covered_display": "100", "num_branches": 0, "num_partial_branches": 0, "covered_branches": 0, "missing_branches": 0, "percent_branches_covered": 100.0, "percent_branches_covered_display": "100"}, "missing_lines": [], "excluded_lines": [], "start_line": 185, "executed_branches": [], "missing_branches": []}, "": {"executed_lines": [5, 7, 8, 10, 12, 13, 14, 19, 20, 23, 78, 99], "summary": {"covered_lines": 12, "num_statements": 12, "percent_covered": 100.0, "percent_covered_display": "100", "missing_lines": 0, "excluded_lines": 0, "percent_statements_covered": 100.0, "percent_statements_covered_display": "100", "num_branches": 0, "num_partial_branches": 0, "covered_branches": 0, "missing_branches": 0, "percent_branches_covered": 100.0, "percent_branches_covered_display": "100"}, "missing_lines": [], "excluded_lines": [], "start_line": 1, "executed_branches": [], "missing_branches": []}}, "classes": {"": {"executed_lines": [5, 7, 8, 10, 12, 13, 14, 19, 20, 23, 78, 99, 119, 122, 123, 124, 126, 127, 130, 132, 133, 134, 137, 139, 140, 141, 142, 144, 145, 151, 155, 157, 158, 159, 160, 162, 163, 164, 166, 173, 174, 175, 176, 177, 178, 179, 180, 182, 183, 185, 186, 202, 204, 208, 209, 211, 212, 213, 214, 215, 216, 217, 218, 220, 242, 243, 244, 245, 246, 247, 249, 252, 257, 258, 260, 261, 262, 263, 265, 269, 270, 272, 273, 274, 280, 314, 315, 316, 318, 319, 323, 326, 327, 336, 338, 349, 359, 360, 361], "summary": {"covered_lines": 99, "num_statements": 173, "percent_covered": 53.11203319502075, "percent_covered_display": "53", "missing_lines": 74, "excluded_lines": 0, "percent_statements_covered": 57.225433526011564, "percent_statements_covered_display": "57", "num_branches": 68, "num_partial_branches": 13, "covered_branches": 29, "missing_branches": 39, "percent_branches_covered": 42.64705882352941, "percent_branches_covered_display": "43"}, "missing_lines": [38, 39, 42, 43, 45, 56, 65, 66, 79, 80, 81, 82, 83, 84, 85, 86, 87, 94, 96, 120, 128, 129, 135, 136, 152, 153, 154, 156, 167, 221, 222, 223, 224, 225, 226, 227, 228, 229, 230, 231, 233, 234, 275, 276, 277, 278, 279, 289, 290, 291, 292, 293, 294, 295, 296, 297, 306, 307, 308, 309, 317, 320, 321, 328, 363, 364, 365, 366, 367, 369, 370, 371, 373, 375], "excluded_lines": [], "start_line": 1, "executed_branches": [[119, 122], [123, 124], [123, 126], [151, 155], [155, 157], [162, 163], [162, 314], [166, 173], [204, 208], [204, 211], [212, 213], [220, 242], [242, 243], [242, 260], [244, 245], [244, 249], [252, 257], [260, 261], [260, 265], [261, 262], [261, 263], [265, 212], [265, 269], [272, 273], [274, 280], [316, 318], [319, 323], [327, 336], [360, 361]], "missing_branches": [[79, 80], [79, 81], [82, -78], [82, 83], [85, 86], [85, 96], [119, 120], [151, 152], [153, 154], [153, 155], [155, 156], [166, 167], [212, 272], [220, 221], [252, 258], [272, 289], [274, 275], [275, 276], [275, 280], [276, 277], [276, 278], [289, 290], [289, 306], [290, 291], [290, 297], [291, 292], [291, 297], [293, 294], [293, 295], [308, 309], [308, 314], [316, 317], [319, 320], [327, 328], [360, 363], [363, 364], [363, 369], [369, 370], [369, 373]]}}}, "src/itergen/engine/initial.py": {"executed_lines": [5, 6, 8, 9, 10, 20, 21, 22, 23, 26, 29, 30, 31, 32, 33, 34, 35, 36, 37, 38, 39, 40, 41, 46, 55, 127, 128, 130, 133, 134, 135, 137, 138, 139, 140, 141, 143, 188, 189, 191, 192, 194, 196, 197, 199, 200, 206, 207, 209, 210, 212, 213, 214, 215, 217, 219, 220, 223, 228, 229, 235, 236, 238, 247, 249], "summary": {"covered_lines": 65, "num_statements": 164, "percent_covered": 37.28813559322034, "percent_covered_display": "37", "missing_lines": 99, "excluded_lines": 0, "percent_statements_covered": 39.63414634146341, "percent_statements_covered_display": "40", "num_branches": 72, "num_partial_branches": 11, "covered_branches": 23, "missing_branches": 49, "percent_branches_covered": 31.944444444444443, "percent_branches_covered_display": "32"}, "missing_lines": [24, 25, 42, 43, 47, 48, 49, 50, 51, 52, 56, 57, 58, 59, 60, 61, 62, 63, 64, 65, 66, 67, 68, 69, 71, 72, 79, 80, 81, 83, 84, 85, 86, 87, 88, 89, 90, 92, 93, 94, 95, 96, 98, 99, 100, 101, 102, 103, 105, 106, 107, 108, 109, 110, 111, 112, 113, 114, 115, 116, 118, 119, 120, 121, 122, 123, 124, 129, 136, 142, 144, 145, 148, 149, 151, 152, 154, 155, 156, 159, 160, 161, 162, 164, 165, 166, 173, 174, 176, 177, 184, 186, 187, 190, 216, 218, 221, 239, 245], "excluded_lines": [], "executed_branches": [[23, 26], [31, 32], [31, 33], [34, 35], [36, 37], [36, 40], [38, 36], [38, 39], [128, 130], [135, 137], [138, 139], [138, 249], [141, 143], [143, 188], [189, 191], [199, 200], [199, 209], [212, 213], [212, 238], [215, 217], [217, 219], [220, 223], [238, 247]], "missing_branches": [[23, 24], [34, 42], [47, 48], [47, 49], [57, 58], [57, 59], [59, 60], [59, 71], [65, 66], [65, 67], [67, 68], [67, 69], [83, 84], [83, 118], [85, 86], [85, 87], [88, 89], [88, 92], [94, 95], [94, 98], [102, 103], [102, 105], [107, 108], [107, 109], [111, 112], [111, 113], [114, 115], [114, 116], [120, 121], [120, 122], [122, 123], [122, 124], [128, 129], [135, 136], [141, 142], [143, 144], [154, 155], [154, 176], [159, 160], [159, 161], [161, 162], [161, 164], [176, 177], [176, 186], [189, 190], [215, 216], [217, 218], [220, 221], [238, 239]], "functions": {"_normalize_probs": {"executed_lines": [21, 22, 23, 26], "summary": {"covered_lines": 4, "num_statements": 6, "percent_covered": 62.5, "percent_covered_display": "62", "missing_lines": 2, "excluded_lines": 0, "percent_statements_covered": 66.66666666666667, "percent_statements_covered_display": "67", "num_branches": 2, "num_partial_branches": 1, "covered_branches": 1, "missing_branches": 1, "percent_branches_covered": 50.0, "percent_branches_covered_display": "50"}, "missing_lines": [24, 25], "excluded_lines": [], "start_line": 20, "executed_branches": [[23, 26]], "missing_branches": [[23, 24]]}, "_fallback_probs": {"executed_lines": [30, 31, 32, 33, 34, 35, 36, 37, 38, 39, 40, 41], "summary": {"covered_lines": 12, "num_statements": 14, "percent_covered": 86.36363636363636, "percent_covered_display": "86", "missing_lines": 2, "excluded_lines": 0, "percent_statements_covered": 85.71428571428571, "percent_statements_covered_display": "86", "num_branches": 8, "num_partial_branches": 1, "covered_branches": 7, "missing_branches": 1, "percent_branches_covered": 87.5, "percent_branches_covered_display": "88"}, "missing_lines": [42, 43], "excluded_lines": [], "start_line": 29, "executed_branches": [[31, 32], [31, 33], [34, 35], [36, 37], [36, 40], [38, 36], [38, 39]], "missing_branches": [[34, 42]]}, "_float_or_default": {"executed_lines": [], "summary": {"covered_lines": 0, "num_statements": 6, "percent_covered": 0.0, "percent_covered_display": "0", "missing_lines": 6, "excluded_lines": 0, "percent_statements_covered": 0.0, "percent_statements_covered_display": "0", "num_branches": 2, "num_partial_branches": 0, "covered_branches": 0, "missing_branches": 2, "percent_branches_covered": 0.0, "percent_branches_covered_display": "0"}, "missing_lines": [47, 48, 49, 50, 51, 52], "excluded_lines": [], "start_line": 46, "executed_branches": [], "missing_branches": [[47, 48], [47, 49]]}, "_draw_bin_constrained_values": {"executed_lines": [], "summary": {"covered_lines": 0, "num_statements": 57, "percent_covered": 0.0, "percent_covered_display": "0", "missing_lines": 57, "excluded_lines": 0, "percent_statements_covered": 0.0, "percent_statements_covered_display": "0", "num_branches": 28, "num_partial_branches": 0, "covered_branches": 0, "missing_branches": 28, "percent_branches_covered": 0.0, "percent_branches_covered_display": "0"}, "missing_lines": [56, 57, 58, 59, 60, 61, 62, 63, 64, 65, 66, 67, 68, 69, 71, 72, 79, 80, 81, 83, 84, 85, 86, 87, 88, 89, 90, 92, 93, 94, 95, 96, 98, 99, 100, 101, 102, 103, 105, 106, 107, 108, 109, 110, 111, 112, 113, 114, 115, 116, 118, 119, 120, 121, 122, 123, 124], "excluded_lines": [], "start_line": 55, "executed_branches": [], "missing_branches": [[57, 58], [57, 59], [59, 60], [59, 71], [65, 66], [65, 67], [67, 68], [67, 69], [83, 84], [83, 118], [85, 86], [85, 87], [88, 89], [88, 92], [94, 95], [94, 98], [102, 103], [102, 105], [107, 108], [107, 109], [111, 112], [111, 113], [114, 115], [114, 116], [120, 121], [120, 122], [122, 123], [122, 124]]}, "_get_conditional_specs": {"executed_lines": [128, 130], "summary": {"covered_lines": 2, "num_statements": 3, "percent_covered": 60.0, "percent_covered_display": "60", "missing_lines": 1, "excluded_lines": 0, "percent_statements_covered": 66.66666666666667, "percent_statements_covered_display": "67", "num_branches": 2, "num_partial_branches": 1, "covered_branches": 1, "missing_branches": 1, "percent_branches_covered": 50.0, "percent_branches_covered_display": "50"}, "missing_lines": [129], "excluded_lines": [], "start_line": 127, "executed_branches": [[128, 130]], "missing_branches": [[128, 129]]}, "generate_initial": {"executed_lines": [134, 135, 137, 138, 139, 140, 141, 143, 188, 189, 191, 192, 194, 196, 197
[...]
 "missing_lines": [], "excluded_lines": [], "start_line": 559, "executed_branches": [], "missing_branches": []}, "build_equilibrium_state": {"executed_lines": [571, 580, 581, 582, 585, 594, 595, 596], "summary": {"covered_lines": 8, "num_statements": 9, "percent_covered": 84.61538461538461, "percent_covered_display": "85", "missing_lines": 1, "excluded_lines": 0, "percent_statements_covered": 88.88888888888889, "percent_statements_covered_display": "89", "num_branches": 4, "num_partial_branches": 1, "covered_branches": 3, "missing_branches": 1, "percent_branches_covered": 75.0, "percent_branches_covered_display": "75"}, "missing_lines": [583], "excluded_lines": [], "start_line": 568, "executed_branches": [[581, 582], [581, 596], [582, 585]], "missing_branches": [[582, 583]]}, "equilibrium_metrics_from_state": {"executed_lines": [604, 605, 606, 610, 611, 612, 614, 615, 619, 620, 621, 622, 623, 625, 629], "summary": {"covered_lines": 15, "num_statements": 18, "percent_covered": 75.0, "percent_covered_display": "75", "missing_lines": 3, "excluded_lines": 0, "percent_statements_covered": 83.33333333333333, "percent_statements_covered_display": "83", "num_branches": 10, "num_partial_branches": 4, "covered_branches": 6, "missing_branches": 4, "percent_branches_covered": 60.0, "percent_branches_covered_display": "60"}, "missing_lines": [608, 613, 617], "excluded_lines": [], "start_line": 599, "executed_branches": [[605, 606], [612, 614], [614, 615], [620, 621], [620, 625], [622, 623]], "missing_branches": [[605, 608], [612, 613], [614, 617], [622, 620]]}, "preview_equilibrium_objective": {"executed_lines": [652, 653, 654, 655, 656, 657, 658, 659, 661, 662, 665, 666, 667, 668, 669, 670, 672, 673, 676, 685, 687, 688, 689, 690, 691, 692, 694, 695, 697, 698, 702, 706], "summary": {"covered_lines": 32, "num_statements": 35, "percent_covered": 86.04651162790698, "percent_covered_display": "86", "missing_lines": 3, "excluded_lines": 0, "percent_statements_covered": 91.42857142857143, "percent_statements_covered_display": "91", "num_branches": 8, "num_partial_branches": 3, "covered_branches": 5, "missing_branches": 3, "percent_branches_covered": 62.5, "percent_branches_covered_display": "62"}, "missing_lines": [674, 696, 700], "excluded_lines": [], "start_line": 642, "executed_branches": [[661, 662], [661, 694], [673, 676], [695, 697], [697, 698]], "missing_branches": [[673, 674], [695, 696], [697, 700]]}, "apply_equilibrium_patch": {"executed_lines": [710, 711, 714, 715, 716], "summary": {"covered_lines": 5, "num_statements": 5, "percent_covered": 100.0, "percent_covered_display": "100", "missing_lines": 0, "excluded_lines": 0, "percent_statements_covered": 100.0, "percent_statements_covered_display": "100", "num_branches": 2, "num_partial_branches": 0, "covered_branches": 2, "missing_branches": 0, "percent_branches_covered": 100.0, "percent_branches_covered_display": "100"}, "missing_lines": [], "excluded_lines": [], "start_line": 709, "executed_branches": [[710, -709], [710, 711]], "missing_branches": []}, "collect_continuous_bounds_rows": {"executed_lines": [725, 726, 727, 728, 729, 731, 732, 733, 734, 744, 745, 747, 748, 772], "summary": {"covered_lines": 14, "num_statements": 28, "percent_covered": 45.65217391304348, "percent_covered_display": "46", "missing_lines": 14, "excluded_lines": 0, "percent_statements_covered": 50.0, "percent_statements_covered_display": "50", "num_branches": 18, "num_partial_branches": 3, "covered_branches": 7, "missing_branches": 11, "percent_branches_covered": 38.888888888888886, "percent_branches_covered_display": "39"}, "missing_lines": [746, 749, 750, 751, 752, 753, 754, 755, 756, 757, 758, 759, 760, 761], "excluded_lines": [], "start_line": 719, "executed_branches": [[727, 728], [727, 772], [728, 729], [728, 731], [733, 734], [745, 747], [747, 748]], "missing_branches": [[733, 744], [745, 746], [747, 749], [749, 727], [749, 750], [752, 753], [752, 754], [755, 756], [755, 757], [759, 760], [759, 761]]}, "collect_continuous_bin_rows": {"executed_lines": [781, 782, 783, 784, 785, 786, 787, 790, 791, 792, 793, 794, 804, 805, 807, 829], "summary": {"covered_lines": 16, "num_statements": 29, "percent_covered": 53.333333333333336, "percent_covered_display": "53", "missing_lines": 13, "excluded_lines": 0, "percent_statements_covered": 55.172413793103445, "percent_statements_covered_display": "55", "num_branches": 16, "num_partial_branches": 4, "covered_branches": 8, "missing_branches": 8, "percent_branches_covered": 50.0, "percent_branches_covered_display": "50"}, "missing_lines": [788, 806, 808, 809, 810, 811, 812, 813, 814, 815, 816, 817, 818], "excluded_lines": [], "start_line": 775, "executed_branches": [[783, 784], [783, 829], [784, 785], [784, 786], [787, 790], [791, 792], [805, 807], [807, 783]], "missing_branches": [[787, 788], [791, 804], [805, 806], [807, 808], [810, 811], [810, 812], [813, 814], [813, 815]]}, "_aggregate_continuous_bounds": {"executed_lines": [833, 834, 840, 843, 844, 845, 847, 848, 849, 850, 855], "summary": {"covered_lines": 11, "num_statements": 13, "percent_covered": 82.3529411764706, "percent_covered_display": "82", "missing_lines": 2, "excluded_lines": 0, "percent_statements_covered": 84.61538461538461, "percent_statements_covered_display": "85", "num_branches": 4, "num_partial_branches": 1, "covered_branches": 3, "missing_branches": 1, "percent_branches_covered": 75.0, "percent_branches_covered_display": "75"}, "missing_lines": [852, 853], "excluded_lines": [], "start_line": 832, "executed_branches": [[833, 834], [833, 840], [848, 849]], "missing_branches": [[848, 852]]}, "_aggregate_continuous_bin": {"executed_lines": [863, 864, 869, 873, 874, 875, 876, 879, 880], "summary": {"covered_lines": 9, "num_statements": 10, "percent_covered": 85.71428571428571, "percent_covered_display": "86", "missing_lines": 1, "excluded_lines": 0, "percent_statements_covered": 90.0, "percent_statements_covered_display": "90", "num_branches": 4, "num_partial_branches": 1, "covered_branches": 3, "missing_branches": 1, "percent_branches_covered": 75.0, "percent_branches_covered_display": "75"}, "missing_lines": [878], "excluded_lines": [], "start_line": 862, "executed_branches": [[863, 864], [863, 869], [875, 876]], "missing_branches": [[875, 878]]}, "compute_equilibrium_metrics": {"executed_lines": [901, 902, 903, 904, 905, 906, 907, 908, 909, 910, 912, 913, 938, 939, 941, 942, 943, 944, 945, 946, 947, 949, 950, 956, 957, 958, 959, 960, 961, 963, 964, 965, 971, 973, 974, 976, 977, 978, 984, 988, 989, 995, 997, 1003, 1004, 1010, 1017], "summary": {"covered_lines": 47, "num_statements": 74, "percent_covered": 59.82142857142857, "percent_covered_display": "60", "missing_lines": 27, "excluded_lines": 0, "percent_statements_covered": 63.513513513513516, "percent_statements_covered_display": "64", "num_branches": 38, "num_partial_branches": 8, "covered_branches": 20, "missing_branches": 18, "percent_branches_covered": 52.63157894736842, "percent_branches_covered_display": "53"}, "missing_lines": [911, 914, 915, 916, 919, 920, 921, 922, 923, 924, 925, 926, 928, 929, 930, 935, 936, 937, 940, 948, 951, 952, 953, 954, 969, 986, 1012], "excluded_lines": [], "start_line": 886, "executed_branches": [[907, 908], [907, 963], [908, 909], [908, 938], [910, 912], [912, 913], [939, 941], [942, 943], [942, 944], [944, 907], [944, 945], [947, 949], [950, 956], [963, 964], [963, 971], [964, 965], [977, 978], [988, 989], [988, 997], [1003, 1004]], "missing_branches": [[910, 911], [912, 914], [914, 915], [914, 937], [919, 920], [919, 921], [922, 923], [922, 928], [923, 924], [923, 925], [939, 940], [947, 948], [950, 951], [951, 952], [951, 953], [964, 969], [977, 986], [1003, 1012]]}, "collect_small_groups": {"executed_lines": [1029, 1030, 1031, 1032, 1033, 1035, 1036, 1037, 1038, 1039, 1040, 1042, 1043, 1051], "summary": {"covered_lines": 14, "num_statements": 17, "percent_covered": 79.3103448275862, "percent_covered_display": "79", "missing_lines": 3, "excluded_lines": 0, "percent_statements_covered": 82.3529411764706, "percent_statements_covered_display": "82", "num_branches": 12, "num_partial_branches": 3, "covered_branches": 9, "missing_branches": 3, "percent_branches_covered": 75.0, "percent_branches_covered_display": "75"}, "missing_lines": [1034, 1041, 1044], "excluded_lines": [], "start_line": 1028, "executed_branches": [[1031, 1032], [1031, 1051], [1033, 1035], [1035, 1036], [1035, 1037], [1037, 1031], [1037, 1038], [1040, 1042], [1043, 1037]], "missing_branches": [[1033, 1034], [1040, 1041], [1043, 1044]]}, "build_quality_report": {"executed_lines": [1061, 1068, 1074, 1075, 1076, 1077, 1086, 1087, 1088, 1089, 1090, 1092, 1093, 1094, 1095, 1096, 1097, 1098, 1100, 1101, 1109, 1110, 1111, 1112, 1123, 1124, 1130, 1137, 1143, 1144, 1146], "summary": {"covered_lines": 31, "num_statements": 35, "percent_covered": 85.71428571428571, "percent_covered_display": "86", "missing_lines": 4, "excluded_lines": 0, "percent_statements_covered": 88.57142857142857, "percent_statements_covered_display": "89", "num_branches": 14, "num_partial_branches": 3, "covered_branches": 11, "missing_branches": 3, "percent_branches_covered": 78.57142857142857, "percent_branches_covered_display": "79"}, "missing_lines": [1091, 1099, 1102, 1103], "excluded_lines": [], "start_line": 1054, "executed_branches": [[1075, 1076], [1075, 1086], [1088, 1089], [1088, 1123], [1090, 1092], [1092, 1093], [1092, 1094], [1095, 1088], [1095, 1096], [1098, 1100], [1101, 1109]], "missing_branches": [[1090, 1091], [1098, 1099], [1101, 1102]]}, "default_equilibrium_rules": {"executed_lines": [1167, 1168], "summary": {"covered_lines": 2, "num_statements": 2, "percent_covered": 100.0, "percent_covered_display": "100", "missing_lines": 0, "excluded_lines": 0, "percent_statements_covered": 100.0, "percent_statements_covered_display": "100", "num_branches": 0, "num_partial_branches": 0, "covered_branches": 0, "missing_branches": 0, "percent_branches_covered": 100.0, "percent_branches_covered_display": "100"}, "missing_lines": [], "excluded_lines": [], "start_line": 1166, "executed_branches": [], "missing_branches": []}, "check_equilibrium_rules": {"executed_lines": [1178, 1180, 1187, 1188, 1189, 1194, 1199, 1204, 1209, 1214, 1219], "summary": {"covered_lines": 11, "num_statements": 11, "percent_covered": 100.0, "percent_covered_display": "100", "missing_lines": 0, "excluded_lines": 0, "percent_statements_covered": 100.0, "percent_statements_covered_display": "100", "num_branches": 0, "num_partial_branches": 0, "covered_branches": 0, "missing_branches": 0, "percent_branches_covered": 100.0, "percent_branches_covered_display": "100"}, "missing_lines": [], "excluded_lines": [], "start_line": 1177, "executed_branches": [], "missing_branches": []}, "check_equilibrium_rules.check_max": {"executed_lines": [1181, 1182, 1183, 1184, 1185], "summary": {"covered_lines": 5, "num_statements": 5, "percent_covered": 100.0, "percent_covered_display": "100", "missing_lines": 0, "excluded_lines": 0, "percent_statements_covered": 100.0, "percent_statements_covered_display": "100", "num_branches": 4, "num_partial_branches": 0, "covered_branches": 4, "missing_branches": 0, "percent_branches_covered": 100.0, "percent_branches_covered_display": "100"}, "missing_lines": [], "excluded_lines": [], "start_line": 1180, "executed_branches": [[1182, 1183], [1182, 1184], [1184, -1180], [1184, 1185]], "missing_branches": []}, "": {"executed_lines": [5, 7, 16, 24, 28, 38, 45, 59, 80, 98, 105, 116, 160, 207, 247, 307, 418, 427, 442, 559, 568, 599, 642, 709, 719, 775, 832, 862, 886, 1028, 1054, 1166, 1177], "summary": {"covered_lines": 33, "num_statements": 33, "percent_covered": 100.0, "percent_covered_display": "100", "missing_lines": 0, "excluded_lines": 0, "percent_statements_covered": 100.0, "percent_statements_covered_display": "100", "num_branches": 0, "num_partial_branches": 0, "covered_branches": 0, "missing_branches": 0, "percent_branches_covered": 100.0, "percent_branches_covered_display": "100"}, "missing_lines": [], "excluded_lines": [], "start_line": 1, "executed_branches": [], "missing_branches": []}}, "classes": {"": {"executed_lines": [5, 7, 16, 17, 18, 20, 21, 24, 25, 28, 29, 30, 31, 32, 35, 38, 39, 40, 45, 46, 48, 49, 50, 51, 52, 53, 54, 55, 56, 59, 60, 61, 66, 67, 68, 69, 70, 71, 72, 73, 74, 75, 80, 81, 82, 83, 84, 87, 88, 89, 94, 95, 98, 99, 105, 106, 107, 116, 117, 118, 119, 120, 121, 122, 125, 126, 130, 131, 133, 134, 137, 140, 142, 143, 144, 145, 146, 147, 148, 150, 151, 160, 161, 162, 163, 166, 167, 168, 181, 182, 183, 184, 185, 186, 187, 188, 189, 190, 191, 192, 194, 207, 215, 216, 218, 219, 220, 221, 222, 223, 224, 225, 226, 227, 229, 230, 231, 232, 233, 234, 235, 236, 238, 241, 242, 243, 244, 247, 248, 249, 250, 251, 252, 253, 254, 255, 256, 257, 259, 260, 261, 262, 263, 265, 266, 267, 268, 270, 271, 290, 298, 299, 300, 301, 302, 304, 307, 308, 309, 311, 312, 313, 314, 315, 316, 317, 318, 320, 321, 322, 323, 324, 326, 327, 328, 329, 331, 332, 333, 334, 335, 336, 337, 340, 342, 343, 349, 350, 351, 356, 357, 358, 359, 360, 369, 370, 373, 374, 375, 377, 378, 379, 380, 381, 382, 383, 384, 385, 387, 388, 389, 391, 392, 394, 395, 396, 397, 398, 399, 401, 402, 403, 410, 413, 415, 418, 419, 421, 427, 428, 442, 451, 452, 453, 454, 456, 492, 493, 494, 495, 496, 498, 506, 507, 509, 510, 512, 513, 514, 515, 518, 520, 521, 522, 524, 525, 527, 529, 530, 531, 532, 533, 535, 538, 539, 540, 546, 547, 548, 549, 550, 551, 552, 553, 554, 555, 556, 559, 560, 561, 562, 563, 564, 565, 568, 571, 580, 581, 582, 585, 594, 595, 596, 599, 604, 605, 606, 610, 611, 612, 614, 615, 619, 620, 621, 622, 623, 625, 629, 642, 652, 653, 654, 655, 656, 657, 658, 659, 661, 662, 665, 666, 667, 668, 669, 670, 672, 673, 676, 685, 687, 688, 689, 690, 691, 692, 694, 695, 697, 698, 702, 706, 709, 710, 711, 714, 715, 716, 719, 725, 726, 727, 728, 729, 731, 732, 733, 734, 744, 745, 747, 748, 772, 775, 781, 782, 783, 784, 785, 786, 787, 790, 791, 792, 793, 794, 804, 805, 807, 829, 832, 833, 834, 840, 843, 844, 845, 847, 848, 849, 850, 855, 862, 863, 864, 869, 873, 874, 875, 876, 879, 880, 886, 901, 902, 903, 904, 905, 906, 907, 908, 909, 910, 912, 913, 938, 939, 941, 942, 943, 944, 945, 946, 947, 949, 950, 956, 957, 958, 959, 960, 961, 963, 964, 965, 971, 973, 974, 976, 977, 978, 984, 988, 989, 995, 997, 1003, 1004, 1010, 1017, 1028, 1029, 1030, 1031, 1032, 1033, 1035, 1036, 1037, 1038, 1039, 1040, 1042, 1043, 1051, 1054, 1061, 1068, 1074, 1075, 1076, 1077, 1086, 1087, 1088, 1089, 1090, 1092, 1093, 1094, 1095, 1096, 1097, 1098, 1100, 1101, 1109, 1110, 1111, 1112, 1123, 1124, 1130, 1137, 1143, 1144, 1146, 1166, 1167, 1168, 1177, 1178, 1180, 1181, 1182, 1183, 1184, 1185, 1187, 1188, 1189, 1194, 1199, 1204, 1209, 1214, 1219], "summary": {"covered_lines": 517, "num_statements": 669, "percent_covered": 72.66035751840168, "percent_covered_display": "73", "missing_lines": 152, "excluded_lines": 0, "percent_statements_covered": 77.27952167414051, "percent_statements_covered_display": "77", "num_branches": 282, "num_partial_branches": 66, "covered_branches": 174, "missing_branches": 108, "percent_branches_covered": 61.702127659574465, "percent_branches_covered_display": "62"}, "missing_lines": [19, 33, 34, 41, 42, 47, 62, 65, 76, 77, 85, 86, 123, 124, 127, 128, 157, 164, 169, 217, 228, 239, 258, 269, 272, 273, 274, 277, 278, 279, 280, 281, 282, 283, 288, 289, 319, 330, 341, 344, 345, 346, 347, 366, 368, 372, 376, 386, 390, 407, 409, 411, 420, 457, 458, 459, 461, 462, 463, 464, 465, 466, 467, 468, 469, 470, 471, 476, 478, 479, 481, 482, 483, 484, 485, 487, 489, 490, 511, 519, 523, 583, 608, 613, 617, 674, 696, 700, 746, 749, 750, 751, 752, 753, 754, 755, 756, 757, 758, 759, 760, 761, 788, 806, 808, 809, 810, 811, 812, 813, 814, 815, 816, 817, 818, 852, 853, 878, 911, 914, 915, 916, 919, 920, 921, 922, 923, 924, 925, 926, 928, 929, 930, 935, 936, 937, 940, 948, 951, 952, 953, 954, 969, 986, 1012, 1034, 1041, 1044, 1091, 1099, 1102, 1103], "excluded_lines": [], "start_line": 1, "executed_branches": [[18, 20], [32, 35], [46, 48], [61, 66], [67, 68], [69, 70], [69, 73], [71, 69], [71, 72], [84, 87], [130, 131], [130, 133], [144, 145], [147, 148], [147, 150], [163, 166], [168, 181], [183, 184], [185, 186], [216, 218], [219, 220], [219, 221], [224, 225], [224, 238], [227, 229], [230, 231], [230, 232], [235, 224], [235, 236], [238, 241], [250, 251], [250, 265], [251, 252], [251, 256], [257, 259], [260, 250], [260, 261], [265, 266], [265, 304], [266, 267], [266, 290], [268, 270], [270, 271], [298, 299], [298, 300], [311, 312], [311, 326], [312, 313], [312, 317], [318, 320], [321, 311], [321, 322], [326, 327], [326, 415], [327, 328], [327, 374], [329, 331], [331, 332], [331, 333], [335, 336], [335, 358], [340, 342], [343, 349], [358, 359], [359, 360], [369, 370], [375, 377], [378, 379], [378, 380], [382, 383], [382, 401], [385, 387], [388, 389], [388, 394], [389, 391], [401, 402], [402, 403], [410, 413], [419, 421], [456, 492], [494, 495], [494, 498], [506, 507], [506, 509], [510, 512], [512, 513], [512, 535], [513, 514], [513, 535], [518, 520], [521, 522], [521, 527], [522, 524], [581, 582], [581, 596], [582, 585], [605, 606], [612, 614], [614, 615], [620, 621], [620, 625], [622, 623], [661, 662], [661, 694], [673, 676], [695, 697], [697, 698], [710, -709], [710, 711], [727, 728], [727, 772], [728, 729], [728, 731], [733, 734], [745, 747], [747, 748], [783, 784], [783, 829], [784, 785], [784, 786], [787, 790], [791, 792], [805, 807], [807, 783], [833, 834], [833, 840], [848, 849], [863, 864], [863, 869], [875, 876], [907, 908], [907, 963], [908, 909], [908, 938], [910, 912], [912, 913], [939, 941], [942, 943], [942, 944], [944, 907], [944, 945], [947, 949], [950, 956], [963, 964], [963, 971], [964, 965], [977, 978], [988, 989], [988, 997], [1003, 1004], [1031, 1032], [1031, 1051], [1033, 1035], [1035, 1036], [1035, 1037], [1037, 1031], [1037, 1038], [1040, 1042], [1043, 1037], [1075, 1076], [1075, 1086], [1088, 1089], [1088, 1123], [1090, 1092], [1092, 1093], [1092, 1094], [1095, 1088], [1095, 1096], [1098, 1100], [1101, 1109], [1182, 1183], [1182, 1184], [1184, -1180], [1184, 1185]], "missing_branches": [[18, 19], [32, 33], [46, 47], [61, 62], [67, 76], [84, 85], [144, 157], [163, 164], [168, 169], [183, 185], [185, 187], [216, 217], [227, 228], [238, 239], [257, 258], [268, 269], [270, 272], [272, 273], [272, 289], [277, 278], [277, 279], [280, 281], [280, 282], [318, 319], [329, 330], [340, 341], [343, 344], [344, 345], [344, 346], [358, 368], [359, 366], [369, 372], [375, 376], [385, 386], [389, 390], [401, 409], [402, 407], [410, 411], [419, 420], [456, 457], [462, 463], [462, 464], [464, 465], [464, 535], [467, 468], [467, 469], [478, 479], [478, 481], [481, 482], [481, 487], [482, 483], [482, 484], [510, 511], [518, 519], [522, 523], [582, 583], [605, 608], [612, 613], [614, 617], [622, 620], [673, 674], [695, 696], [697, 700], [733, 744], [745, 746], [747, 749], [749, 727], [749, 750], [752, 753], [752, 754], [755, 756], [755, 757], [759, 760], [759, 761], [787, 788], [791, 804], [805, 806], [807, 808], [810, 811], [810, 812], [813, 814], [813, 815], [848, 852], [875, 878], [910, 911], [912, 914], [914, 915], [914, 937], [919, 920], [919, 921], [922, 923], [922, 928], [923, 924], [923, 925], [939, 940], [947, 948], [950, 951], [951, 952], [951, 953], [964, 969], [977, 986], [1003, 1012], [1033, 1034], [1040, 1041], [1043, 1044], [1090, 1091], [1098, 1099], [1101, 1102]]}}}}, "totals": {"covered_lines": 2447, "num_statements": 4026, "percent_covered": 56.17577197149644, "percent_covered_display": "56", "missing_lines": 1579, "excluded_lines": 0, "percent_statements_covered": 60.7799304520616, "percent_statements_covered_display": "61", "num_branches": 1868, "num_partial_branches": 406, "covered_branches": 864, "missing_branches": 1004, "percent_branches_covered": 46.25267665952891, "percent_branches_covered_display": "46"}}